#
# A fatal error has been detected by the Java Runtime Environment:
#
#  SIGSEGV (0xb) at pc=0x00007fff6ef86712, pid=6087, tid=0x000000000000cc0b
#
# JRE version: Java(TM) SE Runtime Environment (8.0_121-b13) (build 1.8.0_121-b13)
# Java VM: Java HotSpot(TM) 64-Bit Server VM (25.121-b13 mixed mode bsd-amd64 compressed oops)
# Problematic frame:
# C  [libsystem_platform.dylib+0x1712]  _platform_strlen+0x12
#
# Failed to write core dump. Core dumps have been disabled. To enable core dumping, try "ulimit -c unlimited" before starting Java again
#
# If you would like to submit a bug report, please visit:
#   http://bugreport.java.com/bugreport/crash.jsp
# The crash happened outside the Java Virtual Machine in native code.
# See problematic frame for where to report the bug.
#

---------------  T H R E A D  ---------------

Current thread (0x00007fe3d1a1a800):  JavaThread "AWT-EventQueue-0" [_thread_in_native, id=52235, stack(0x0000700010ed9000,0x0000700010fd9000)]

siginfo: si_signo: 11 (SIGSEGV), si_code: 0 (unknown), si_addr: 0x0000000000000000

Registers:
RAX=0x0000000000000028, RBX=0x0000000000000003, RCX=0x6c706d496362344c, RDX=0x6c706d496362344c
RSP=0x0000700010fd61d0, RBP=0x0000700010fd61d0, RSI=0x0000000000009100, RDI=0x6c706d4963623440
R8 =0x00007fe3cffb28e0, R9 =0x00007fff4cac1b17, R10=0x00007fe3cfd00000, R11=0x0000000000000003
R12=0x0000000000000000, R13=0x00007fe3cfdac300, R14=0x00007fe3cfdb52c0, R15=0x000000000000004a
RIP=0x00007fff6ef86712, EFLAGS=0x0000000000010202, ERR=0x0000000000000000
  TRAPNO=0x000000000000000d

Top of Stack: (sp=0x0000700010fd61d0)
0x0000700010fd61d0:   0000700010fd6230 00007fff4cac1bed
0x0000700010fd61e0:   0000000000000000 000000011f52f000
0x0000700010fd61f0:   0000000000000000 0000000000000004
0x0000700010fd6200:   00007fe3cfdac300 0000000000000000
0x0000700010fd6210:   0000000000000000 000000012058b800
0x0000700010fd6220:   0000000000000000 00007fe3d1a1a800
0x0000700010fd6230:   0000700010fd62f0 0000000120986a09
0x0000700010fd6240:   00007fe3cfdb52c0 0000000000000000
0x0000700010fd6250:   0000700010fd6280 00007fff4ca60e6a
0x0000700010fd6260:   0000000000000000 00007fe3cfdb52c0
0x0000700010fd6270:   0000000000000002 0000000000008b30
0x0000700010fd6280:   0000000000000000 0000000300000003
0x0000700010fd6290:   00007fe3cfc65e90 00007fe3cfdac300
0x0000700010fd62a0:   00007fff4beaa70c 00007fff4beaa70c
0x0000700010fd62b0:   0000000000000010 0000000000000000
0x0000700010fd62c0:   0000700010fd63d0 0000000200000004
0x0000700010fd62d0:   0000700010fd63e8 00007fe3d1a1a9f8
0x0000700010fd62e0:   000000012058b800 0000700010fd63e8
0x0000700010fd62f0:   0000700010fd6388 0000000105a179f4
0x0000700010fd6300:   0000000000000000 0000000100000000
0x0000700010fd6310:   00007fff4beaa70c 00007fe3d1a1a800
0x0000700010fd6320:   0000700010fd6360 0000000120984ba8
0x0000700010fd6330:   0000000210fd6388 00007fff4beaa6ee
0x0000700010fd6340:   00007fff4beaa6ee 0000700010fd6348
0x0000700010fd6350:   0000000000000000 0000700010fd63e8
0x0000700010fd6360:   000000012065fc28 0000000000000000
0x0000700010fd6370:   000000012058b800 0000000000000000
0x0000700010fd6380:   0000700010fd63a8 0000700010fd6430
0x0000700010fd6390:   0000000105a082bd 0000000000000000
0x0000700010fd63a0:   0000000105a11538 00007fff4beaa70c
0x0000700010fd63b0:   0000000000000000 0000000000000000
0x0000700010fd63c0:   0000000000000000 0000000000000000 

Instructions: (pc=0x00007fff6ef86712)
0x00007fff6ef866f2:   90 90 90 90 90 90 90 90 90 90 90 90 90 90 55 48
0x00007fff6ef86702:   89 e5 48 89 f9 48 89 fa 48 83 e7 f0 66 0f ef c0
0x00007fff6ef86712:   66 0f 74 07 66 0f d7 f0 48 83 e1 0f 48 83 c8 ff
0x00007fff6ef86722:   48 d3 e0 21 c6 74 17 0f bc c6 48 29 d7 48 01 f8 

Register to memory mapping:

RAX=0x0000000000000028 is an unknown value
RBX=0x0000000000000003 is an unknown value
RCX=0x6c706d496362344c is an unknown value
RDX=0x6c706d496362344c is an unknown value
RSP=0x0000700010fd61d0 is pointing into the stack for thread: 0x00007fe3d1a1a800
RBP=0x0000700010fd61d0 is pointing into the stack for thread: 0x00007fe3d1a1a800
RSI=0x0000000000009100 is an unknown value
RDI=0x6c706d4963623440 is an unknown value
R8 =0x00007fe3cffb28e0 is an unknown value
R9 =0x00007fff4cac1b17: glShaderSourceARB_Exec+0 in /System/Library/Frameworks/OpenGL.framework/Versions/A/Resources/GLEngine.bundle/GLEngine at 0x00007fff4ca4a000
R10=0x00007fe3cfd00000 is an unknown value
R11=0x0000000000000003 is an unknown value
R12=0x0000000000000000 is an unknown value
R13=0x00007fe3cfdac300 is an unknown value
R14=0x00007fe3cfdb52c0 is an unknown value
R15=0x000000000000004a is an unknown value


Stack: [0x0000700010ed9000,0x0000700010fd9000],  sp=0x0000700010fd61d0,  free space=1012k
Native frames: (J=compiled Java code, j=interpreted, Vv=VM code, C=native code)
C  [libsystem_platform.dylib+0x1712]  _platform_strlen+0x12
C  [GLEngine+0x77bed]  glShaderSourceARB_Exec+0xd6
C  [libjogl_desktop.jnilib+0x33a09]  Java_jogamp_opengl_gl4_GL4bcImpl_dispatch_1glShaderSource1__II_3Ljava_lang_String_2Ljava_lang_Object_2IZJ+0x289
j  jogamp.opengl.gl4.GL4bcImpl.dispatch_glShaderSource1(II[Ljava/lang/String;Ljava/lang/Object;IZJ)V+0
j  jogamp.opengl.gl4.GL4bcImpl.glShaderSource(II[Ljava/lang/String;[II)V+110
j  Line.createShaderProgram()I+81
j  Line.init(Lcom/jogamp/opengl/GLAutoDrawable;)V+9
j  jogamp.opengl.GLDrawableHelper.init(Lcom/jogamp/opengl/GLEventListener;Lcom/jogamp/opengl/GLAutoDrawable;Z)V+2
j  jogamp.opengl.GLDrawableHelper.init(Lcom/jogamp/opengl/GLAutoDrawable;Z)V+81
j  com.jogamp.opengl.awt.GLCanvas$10.run()V+26
j  jogamp.opengl.GLDrawableHelper.invokeGLImpl(Lcom/jogamp/opengl/GLDrawable;Lcom/jogamp/opengl/GLContext;Ljava/lang/Runnable;Ljava/lang/Runnable;)V+197
j  jogamp.opengl.GLDrawableHelper.invokeGL(Lcom/jogamp/opengl/GLDrawable;Lcom/jogamp/opengl/GLContext;Ljava/lang/Runnable;Ljava/lang/Runnable;)V+72
j  com.jogamp.opengl.awt.GLCanvas$12.run()V+104
j  com.jogamp.opengl.Threading.invoke(ZLjava/lang/Runnable;Ljava/lang/Object;)V+27
j  com.jogamp.opengl.awt.GLCanvas.display()V+64
j  com.jogamp.opengl.awt.GLCanvas.paint(Ljava/awt/Graphics;)V+137
j  sun.awt.RepaintArea.paintComponent(Ljava/awt/Component;Ljava/awt/Graphics;)V+6
j  sun.lwawt.LWRepaintArea.paintComponent(Ljava/awt/Component;Ljava/awt/Graphics;)V+29
j  sun.awt.RepaintArea.paint(Ljava/lang/Object;Z)V+326
j  sun.lwawt.LWComponentPeer.handleJavaPaintEvent()V+19
j  sun.lwawt.LWComponentPeer.handleEvent(Ljava/awt/AWTEvent;)V+84
j  java.awt.Component.dispatchEventImpl(Ljava/awt/AWTEvent;)V+877
j  java.awt.Component.dispatchEvent(Ljava/awt/AWTEvent;)V+2
j  java.awt.EventQueue.dispatchEventImpl(Ljava/awt/AWTEvent;Ljava/lang/Object;)V+41
j  java.awt.EventQueue.access$500(Ljava/awt/EventQueue;Ljava/awt/AWTEvent;Ljava/lang/Object;)V+3
j  java.awt.EventQueue$3.run()Ljava/lang/Void;+32
j  java.awt.EventQueue$3.run()Ljava/lang/Object;+1
v  ~StubRoutines::call_stub
V  [libjvm.dylib+0x2ed9d6]
V  [libjvm.dylib+0x34e114]
j  java.security.AccessController.doPrivileged(Ljava/security/PrivilegedAction;Ljava/security/AccessControlContext;)Ljava/lang/Object;+0
j  java.security.ProtectionDomain$JavaSecurityAccessImpl.doIntersectionPrivilege(Ljava/security/PrivilegedAction;Ljava/security/AccessControlContext;Ljava/security/AccessControlContext;)Ljava/lang/Object;+18
j  java.security.ProtectionDomain$JavaSecurityAccessImpl.doIntersectionPrivilege(Ljava/security/PrivilegedAction;Ljava/security/AccessControlContext;)Ljava/lang/Object;+6
j  java.awt.EventQueue$4.run()Ljava/lang/Void;+11
j  java.awt.EventQueue$4.run()Ljava/lang/Object;+1
v  ~StubRoutines::call_stub
V  [libjvm.dylib+0x2ed9d6]
V  [libjvm.dylib+0x34e114]
j  java.security.AccessController.doPrivileged(Ljava/security/PrivilegedAction;Ljava/security/AccessControlContext;)Ljava/lang/Object;+0
j  java.security.ProtectionDomain$JavaSecurityAccessImpl.doIntersectionPrivilege(Ljava/security/PrivilegedAction;Ljava/security/AccessControlContext;Ljava/security/AccessControlContext;)Ljava/lang/Object;+18
j  java.awt.EventQueue.dispatchEvent(Ljava/awt/AWTEvent;)V+73
j  java.awt.EventDispatchThread.pumpOneEventForFilters(I)V+245
j  java.awt.EventDispatchThread.pumpEventsForFilter(ILjava/awt/Conditional;Ljava/awt/EventFilter;)V+35
j  java.awt.EventDispatchThread.pumpEventsForHierarchy(ILjava/awt/Conditional;Ljava/awt/Component;)V+11
j  java.awt.EventDispatchThread.pumpEvents(ILjava/awt/Conditional;)V+4
j  java.awt.EventDispatchThread.pumpEvents(Ljava/awt/Conditional;)V+3
j  java.awt.EventDispatchThread.run()V+9
v  ~StubRoutines::call_stub
V  [libjvm.dylib+0x2ed9d6]
V  [libjvm.dylib+0x2ee164]
V  [libjvm.dylib+0x2ee310]
V  [libjvm.dylib+0x348a5d]
V  [libjvm.dylib+0x56ab0f]
V  [libjvm.dylib+0x56c1fc]
V  [libjvm.dylib+0x48a5b2]
C  [libsystem_pthread.dylib+0x32eb]  _pthread_body+0x7e
C  [libsystem_pthread.dylib+0x6249]  _pthread_start+0x42
C  [libsystem_pthread.dylib+0x240d]  thread_start+0xd
C  0x0000000000000000

Java frames: (J=compiled Java code, j=interpreted, Vv=VM code)
j  jogamp.opengl.gl4.GL4bcImpl.dispatch_glShaderSource1(II[Ljava/lang/String;Ljava/lang/Object;IZJ)V+0
j  jogamp.opengl.gl4.GL4bcImpl.glShaderSource(II[Ljava/lang/String;[II)V+110
j  Line.createShaderProgram()I+81
j  Line.init(Lcom/jogamp/opengl/GLAutoDrawable;)V+9
j  jogamp.opengl.GLDrawableHelper.init(Lcom/jogamp/opengl/GLEventListener;Lcom/jogamp/opengl/GLAutoDrawable;Z)V+2
j  jogamp.opengl.GLDrawableHelper.init(Lcom/jogamp/opengl/GLAutoDrawable;Z)V+81
j  com.jogamp.opengl.awt.GLCanvas$10.run()V+26
j  jogamp.opengl.GLDrawableHelper.invokeGLImpl(Lcom/jogamp/opengl/GLDrawable;Lcom/jogamp/opengl/GLContext;Ljava/lang/Runnable;Ljava/lang/Runnable;)V+197
j  jogamp.opengl.GLDrawableHelper.invokeGL(Lcom/jogamp/opengl/GLDrawable;Lcom/jogamp/opengl/GLContext;Ljava/lang/Runnable;Ljava/lang/Runnable;)V+72
j  com.jogamp.opengl.awt.GLCanvas$12.run()V+104
j  com.jogamp.opengl.Threading.invoke(ZLjava/lang/Runnable;Ljava/lang/Object;)V+27
j  com.jogamp.opengl.awt.GLCanvas.display()V+64
j  com.jogamp.opengl.awt.GLCanvas.paint(Ljava/awt/Graphics;)V+137
j  sun.awt.RepaintArea.paintComponent(Ljava/awt/Component;Ljava/awt/Graphics;)V+6
j  sun.lwawt.LWRepaintArea.paintComponent(Ljava/awt/Component;Ljava/awt/Graphics;)V+29
j  sun.awt.RepaintArea.paint(Ljava/lang/Object;Z)V+326
j  sun.lwawt.LWComponentPeer.handleJavaPaintEvent()V+19
j  sun.lwawt.LWComponentPeer.handleEvent(Ljava/awt/AWTEvent;)V+84
j  java.awt.Component.dispatchEventImpl(Ljava/awt/AWTEvent;)V+877
j  java.awt.Component.dispatchEvent(Ljava/awt/AWTEvent;)V+2
j  java.awt.EventQueue.dispatchEventImpl(Ljava/awt/AWTEvent;Ljava/lang/Object;)V+41
j  java.awt.EventQueue.access$500(Ljava/awt/EventQueue;Ljava/awt/AWTEvent;Ljava/lang/Object;)V+3
j  java.awt.EventQueue$3.run()Ljava/lang/Void;+32
j  java.awt.EventQueue$3.run()Ljava/lang/Object;+1
v  ~StubRoutines::call_stub
j  java.security.AccessController.doPrivileged(Ljava/security/PrivilegedAction;Ljava/security/AccessControlContext;)Ljava/lang/Object;+0
j  java.security.ProtectionDomain$JavaSecurityAccessImpl.doIntersectionPrivilege(Ljava/security/PrivilegedAction;Ljava/security/AccessControlContext;Ljava/security/AccessControlContext;)Ljava/lang/Object;+18
j  java.security.ProtectionDomain$JavaSecurityAccessImpl.doIntersectionPrivilege(Ljava/security/PrivilegedAction;Ljava/security/AccessControlContext;)Ljava/lang/Object;+6
j  java.awt.EventQueue$4.run()Ljava/lang/Void;+11
j  java.awt.EventQueue$4.run()Ljava/lang/Object;+1
v  ~StubRoutines::call_stub
j  java.security.AccessController.doPrivileged(Ljava/security/PrivilegedAction;Ljava/security/AccessControlContext;)Ljava/lang/Object;+0
j  java.security.ProtectionDomain$JavaSecurityAccessImpl.doIntersectionPrivilege(Ljava/security/PrivilegedAction;Ljava/security/AccessControlContext;Ljava/security/AccessControlContext;)Ljava/lang/Object;+18
j  java.awt.EventQueue.dispatchEvent(Ljava/awt/AWTEvent;)V+73
j  java.awt.EventDispatchThread.pumpOneEventForFilters(I)V+245
j  java.awt.EventDispatchThread.pumpEventsForFilter(ILjava/awt/Conditional;Ljava/awt/EventFilter;)V+35
j  java.awt.EventDispatchThread.pumpEventsForHierarchy(ILjava/awt/Conditional;Ljava/awt/Component;)V+11
j  java.awt.EventDispatchThread.pumpEvents(ILjava/awt/Conditional;)V+4
j  java.awt.EventDispatchThread.pumpEvents(Ljava/awt/Conditional;)V+3
j  java.awt.EventDispatchThread.run()V+9
v  ~StubRoutines::call_stub

---------------  P R O C E S S  ---------------

Java Threads: ( => current thread )
  0x00007fe3d10e3800 JavaThread "DestroyJavaVM" [_thread_blocked, id=10243, stack(0x000070000fb9a000,0x000070000fc9a000)]
=>0x00007fe3d1a1a800 JavaThread "AWT-EventQueue-0" [_thread_in_native, id=52235, stack(0x0000700010ed9000,0x0000700010fd9000)]
  0x00007fe3d115c000 JavaThread "Java2D Disposer" daemon [_thread_blocked, id=79399, stack(0x0000700010dd6000,0x0000700010ed6000)]
  0x00007fe3d1109000 JavaThread "Java2D Queue Flusher" daemon [_thread_blocked, id=43887, stack(0x0000700010cd3000,0x0000700010dd3000)]
  0x00007fe3d1a00000 JavaThread "AWT-Shutdown" [_thread_blocked, id=40575, stack(0x0000700010a47000,0x0000700010b47000)]
  0x00007fe3d19f6800 JavaThread "AWT-AppKit" daemon [_thread_blocked, id=775, stack(0x00007ffeeb60d000,0x00007ffeebe0d000)]
  0x00007fe3d1892800 JavaThread "Service Thread" daemon [_thread_blocked, id=17923, stack(0x00007000107be000,0x00007000108be000)]
  0x00007fe3d101b000 JavaThread "C1 CompilerThread2" daemon [_thread_blocked, id=18179, stack(0x00007000106bb000,0x00007000107bb000)]
  0x00007fe3d101a800 JavaThread "C2 CompilerThread1" daemon [_thread_blocked, id=14083, stack(0x00007000105b8000,0x00007000106b8000)]
  0x00007fe3d001b800 JavaThread "C2 CompilerThread0" daemon [_thread_blocked, id=18947, stack(0x00007000104b5000,0x00007000105b5000)]
  0x00007fe3d0802000 JavaThread "Signal Dispatcher" daemon [_thread_blocked, id=13571, stack(0x00007000103b2000,0x00007000104b2000)]
  0x00007fe3d0804800 JavaThread "Finalizer" daemon [_thread_blocked, id=20995, stack(0x00007000102af000,0x00007000103af000)]
  0x00007fe3d1008800 JavaThread "Reference Handler" daemon [_thread_blocked, id=12291, stack(0x00007000101ac000,0x00007000102ac000)]

Other Threads:
  0x00007fe3d1834800 VMThread [stack: 0x00007000100a9000,0x00007000101a9000] [id=12035]
  0x00007fe3d1844000 WatcherThread [stack: 0x00007000108c1000,0x00007000109c1000] [id=14851]

VM state:not at safepoint (normal execution)

VM Mutex/Monitor currently owned by a thread: None

Heap:
 PSYoungGen      total 38400K, used 24843K [0x0000000795580000, 0x0000000798000000, 0x00000007c0000000)
  eden space 33280K, 74% used [0x0000000795580000,0x0000000796dc2c88,0x0000000797600000)
  from space 5120K, 0% used [0x0000000797b00000,0x0000000797b00000,0x0000000798000000)
  to   space 5120K, 0% used [0x0000000797600000,0x0000000797600000,0x0000000797b00000)
 ParOldGen       total 87552K, used 0K [0x0000000740000000, 0x0000000745580000, 0x0000000795580000)
  object space 87552K, 0% used [0x0000000740000000,0x0000000740000000,0x0000000745580000)
 Metaspace       used 14795K, capacity 14972K, committed 15232K, reserved 1062912K
  class space    used 1546K, capacity 1632K, committed 1664K, reserved 1048576K

Card table byte_map: [0x0000000114dc0000,0x00000001151c1000] byte_map_base: 0x00000001113c0000

Marking Bits: (ParMarkBitMap*) 0x0000000104b22d30
 Begin Bits: [0x000000011546c000, 0x000000011746c000)
 End Bits:   [0x000000011746c000, 0x000000011946c000)

Polling page: 0x0000000103e6f000

CodeCache: size=245760Kb used=2867Kb max_used=2867Kb free=242892Kb
 bounds [0x0000000105a00000, 0x0000000105cd0000, 0x0000000114a00000]
 total_blobs=1411 nmethods=636 adapters=689
 compilation: enabled

Compilation events (10 events):
Event: 2.765 Thread 0x00007fe3d101b000  631       3       sun.util.locale.LocaleUtils::isUpper (18 bytes)
Event: 2.765 Thread 0x00007fe3d101b000 nmethod 631 0x0000000105cc84d0 code [0x0000000105cc8640, 0x0000000105cc8810]
Event: 2.766 Thread 0x00007fe3d101b000  632       3       java.lang.ref.SoftReference::<init> (13 bytes)
Event: 2.766 Thread 0x00007fe3d101b000 nmethod 632 0x0000000105cc7f50 code [0x0000000105cc80c0, 0x0000000105cc83b0]
Event: 2.766 Thread 0x00007fe3d101b000  633       3       sun.util.locale.LocaleUtils::toLower (17 bytes)
Event: 2.766 Thread 0x00007fe3d101b000 nmethod 633 0x0000000105cc7ad0 code [0x0000000105cc7c40, 0x0000000105cc7eb0]
Event: 2.768 Thread 0x00007fe3d101b000  634       1       java.util.EventObject::getSource (5 bytes)
Event: 2.768 Thread 0x00007fe3d101b000 nmethod 634 0x0000000105cc7810 code [0x0000000105cc7960, 0x0000000105cc7a70]
Event: 2.778 Thread 0x00007fe3d101b000  636       3       java.net.URLStreamHandler::toExternalForm (219 bytes)
Event: 2.780 Thread 0x00007fe3d101b000 nmethod 636 0x0000000105cc9750 code [0x0000000105cc9ac0, 0x0000000105ccd0a8]

GC Heap History (0 events):
No events

Deoptimization events (3 events):
Event: 0.688 Thread 0x00007fe3d1800000 Uncommon trap: reason=unstable_if action=reinterpret pc=0x0000000105ba0f5c method=java.lang.String.replace(CC)Ljava/lang/String; @ 26
Event: 0.696 Thread 0x00007fe3d1800000 Uncommon trap: reason=unstable_if action=reinterpret pc=0x0000000105ba2ce4 method=java.lang.String.indexOf([CII[CIII)I @ 3
Event: 1.218 Thread 0x00007fe3d1800000 Uncommon trap: reason=unstable_if action=reinterpret pc=0x0000000105ba1520 method=java.lang.String.startsWith(Ljava/lang/String;I)Z @ 25

Internal exceptions (10 events):
Event: 0.165 Thread 0x00007fe3d1800000 Exception <a 'java/security/PrivilegedActionException'> (0x000000079561c660) thrown at [/Users/java_re/workspace/8-2-build-macosx-x86_64/jdk8u121/8372/hotspot/src/share/vm/prims/jvm.cpp, line 1390]
Event: 0.234 Thread 0x00007fe3d1800000 Exception <a 'java/security/PrivilegedActionException'> (0x0000000795820378) thrown at [/Users/java_re/workspace/8-2-build-macosx-x86_64/jdk8u121/8372/hotspot/src/share/vm/prims/jvm.cpp, line 1390]
Event: 0.234 Thread 0x00007fe3d1800000 Exception <a 'java/security/PrivilegedActionException'> (0x0000000795820588) thrown at [/Users/java_re/workspace/8-2-build-macosx-x86_64/jdk8u121/8372/hotspot/src/share/vm/prims/jvm.cpp, line 1390]
Event: 0.234 Thread 0x00007fe3d1800000 Exception <a 'java/security/PrivilegedActionException'> (0x00000007958238b8) thrown at [/Users/java_re/workspace/8-2-build-macosx-x86_64/jdk8u121/8372/hotspot/src/share/vm/prims/jvm.cpp, line 1390]
Event: 0.234 Thread 0x00007fe3d1800000 Exception <a 'java/security/PrivilegedActionException'> (0x0000000795823ac8) thrown at [/Users/java_re/workspace/8-2-build-macosx-x86_64/jdk8u121/8372/hotspot/src/share/vm/prims/jvm.cpp, line 1390]
Event: 0.304 Thread 0x00007fe3d1800000 Exception <a 'java/lang/NoSuchFieldError': method resolution failed> (0x00000007958f83c8) thrown at [/Users/java_re/workspace/8-2-build-macosx-x86_64/jdk8u121/8372/hotspot/src/share/vm/prims/methodHandles.cpp, line 1146]
Event: 0.308 Thread 0x00007fe3d1800000 Exception <a 'java/lang/NoSuchFieldError': method resolution failed> (0x0000000795905ba8) thrown at [/Users/java_re/workspace/8-2-build-macosx-x86_64/jdk8u121/8372/hotspot/src/share/vm/prims/methodHandles.cpp, line 1146]
Event: 0.601 Thread 0x00007fe3d1800000 Exception <a 'java/io/FileNotFoundException'> (0x00000007959804e0) thrown at [/Users/java_re/workspace/8-2-build-macosx-x86_64/jdk8u121/8372/hotspot/src/share/vm/prims/jni.cpp, line 709]
Event: 0.601 Thread 0x00007fe3d1800000 Exception <a 'java/io/FileNotFoundException'> (0x0000000795981050) thrown at [/Users/java_re/workspace/8-2-build-macosx-x86_64/jdk8u121/8372/hotspot/src/share/vm/prims/jni.cpp, line 709]
Event: 0.733 Thread 0x00007fe3d1800000 Exception <a 'java/lang/UnsatisfiedLinkError': com.jogamp.common.util.JarUtil.fixNativeLibAttribs(Ljava/lang/String;)Z> (0x0000000795c41860) thrown at [/Users/java_re/workspace/8-2-build-macosx-x86_64/jdk8u121/8372/hotspot/src/share/vm/prims/nativeLookup.

Events (10 events):
Event: 2.785 loading class com/jogamp/opengl/FBObject$1
Event: 2.785 loading class com/jogamp/opengl/FBObject$1 done
Event: 2.785 loading class com/jogamp/opengl/FBObject$DetachAction
Event: 2.785 loading class com/jogamp/opengl/FBObject$DetachAction done
Event: 2.791 loading class com/jogamp/opengl/util/GLBuffers
Event: 2.791 loading class com/jogamp/opengl/util/GLBuffers done
Event: 2.805 loading class jogamp/opengl/macosx/cgl/MacOSXCGLContext$NSOpenGLImpl$1
Event: 2.805 loading class jogamp/opengl/macosx/cgl/MacOSXCGLContext$NSOpenGLImpl$1 done
Event: 2.805 loading class jogamp/opengl/macosx/cgl/MacOSXCGLContext$NSOpenGLImpl$AttachGLLayerCmd
Event: 2.805 loading class jogamp/opengl/macosx/cgl/MacOSXCGLContext$NSOpenGLImpl$AttachGLLayerCmd done


Dynamic libraries:
0x0000000016ef5000 	/System/Library/Frameworks/Cocoa.framework/Versions/A/Cocoa
0x0000000016ef5000 	/System/Library/Frameworks/Security.framework/Versions/A/Security
0x0000000016ef5000 	/System/Library/Frameworks/ApplicationServices.framework/Versions/A/ApplicationServices
0x0000000016ef5000 	/usr/lib/libz.1.dylib
0x0000000016ef5000 	/usr/lib/libSystem.B.dylib
0x0000000016ef5000 	/usr/lib/libobjc.A.dylib
0x0000000016ef5000 	/System/Library/Frameworks/CoreFoundation.framework/Versions/A/CoreFoundation
0x0000000016ef5000 	/System/Library/Frameworks/Foundation.framework/Versions/C/Foundation
0x0000000016ef5000 	/System/Library/Frameworks/AppKit.framework/Versions/C/AppKit
0x0000000016ef5000 	/System/Library/Frameworks/CoreData.framework/Versions/A/CoreData
0x0000000016ef5000 	/System/Library/PrivateFrameworks/RemoteViewServices.framework/Versions/A/RemoteViewServices
0x0000000016ef5000 	/System/Library/PrivateFrameworks/UIFoundation.framework/Versions/A/UIFoundation
0x0000000016ef5000 	/System/Library/PrivateFrameworks/XCTTargetBootstrap.framework/Versions/A/XCTTargetBootstrap
0x0000000016ef5000 	/System/Library/Frameworks/CoreDisplay.framework/Versions/A/CoreDisplay
0x0000000016ef5000 	/System/Library/PrivateFrameworks/IconServices.framework/Versions/A/IconServices
0x0000000016ef5000 	/System/Library/Frameworks/Metal.framework/Versions/A/Metal
0x0000000016ef5000 	/System/Library/PrivateFrameworks/DesktopServicesPriv.framework/Versions/A/DesktopServicesPriv
0x0000000016ef5000 	/usr/lib/libenergytrace.dylib
0x0000000016ef5000 	/System/Library/PrivateFrameworks/SkyLight.framework/Versions/A/SkyLight
0x0000000016ef5000 	/System/Library/Frameworks/CoreGraphics.framework/Versions/A/CoreGraphics
0x0000000016ef5000 	/System/Library/Frameworks/Accelerate.framework/Versions/A/Accelerate
0x0000000016ef5000 	/System/Library/Frameworks/IOSurface.framework/Versions/A/IOSurface
0x0000000016ef5000 	/System/Library/PrivateFrameworks/DFRFoundation.framework/Versions/A/DFRFoundation
0x0000000016ef5000 	/System/Library/Frameworks/AudioToolbox.framework/Versions/A/AudioToolbox
0x0000000016ef5000 	/System/Library/Frameworks/AudioUnit.framework/Versions/A/AudioUnit
0x0000000016ef5000 	/System/Library/PrivateFrameworks/DataDetectorsCore.framework/Versions/A/DataDetectorsCore
0x0000000016ef5000 	/System/Library/Frameworks/Carbon.framework/Versions/A/Frameworks/HIToolbox.framework/Versions/A/HIToolbox
0x0000000016ef5000 	/usr/lib/libicucore.A.dylib
0x0000000016ef5000 	/System/Library/Frameworks/QuartzCore.framework/Versions/A/QuartzCore
0x0000000016ef5000 	/System/Library/Frameworks/Carbon.framework/Versions/A/Frameworks/SpeechRecognition.framework/Versions/A/SpeechRecognition
0x0000000016ef5000 	/usr/lib/libauto.dylib
0x0000000016ef5000 	/usr/lib/libxml2.2.dylib
0x0000000016ef5000 	/System/Library/PrivateFrameworks/CoreUI.framework/Versions/A/CoreUI
0x0000000016ef5000 	/System/Library/Frameworks/CoreAudio.framework/Versions/A/CoreAudio
0x0000000016ef5000 	/System/Library/Frameworks/DiskArbitration.framework/Versions/A/DiskArbitration
0x0000000016ef5000 	/usr/lib/liblangid.dylib
0x0000000016ef5000 	/System/Library/PrivateFrameworks/MultitouchSupport.framework/Versions/A/MultitouchSupport
0x0000000016ef5000 	/System/Library/Frameworks/IOKit.framework/Versions/A/IOKit
0x0000000016ef5000 	/usr/lib/libDiagnosticMessagesClient.dylib
0x0000000016ef5000 	/System/Library/Frameworks/CoreServices.framework/Versions/A/CoreServices
0x0000000016ef5000 	/System/Library/PrivateFrameworks/PerformanceAnalysis.framework/Versions/A/PerformanceAnalysis
0x0000000016ef5000 	/System/Library/Frameworks/OpenGL.framework/Versions/A/OpenGL
0x0000000016ef5000 	/System/Library/Frameworks/ColorSync.framework/Versions/A/ColorSync
0x0000000016ef5000 	/System/Library/Frameworks/CoreImage.framework/Versions/A/CoreImage
0x0000000016ef5000 	/System/Library/Frameworks/CoreText.framework/Versions/A/CoreText
0x0000000016ef5000 	/System/Library/Frameworks/ImageIO.framework/Versions/A/ImageIO
0x0000000016ef5000 	/System/Library/PrivateFrameworks/Backup.framework/Versions/A/Backup
0x0000000016ef5000 	/usr/lib/libarchive.2.dylib
0x0000000016ef5000 	/System/Library/Frameworks/CFNetwork.framework/Versions/A/CFNetwork
0x0000000016ef5000 	/System/Library/Frameworks/SystemConfiguration.framework/Versions/A/SystemConfiguration
0x0000000016ef5000 	/usr/lib/libCRFSuite.dylib
0x0000000016ef5000 	/usr/lib/libc++.1.dylib
0x0000000016ef5000 	/usr/lib/libc++abi.dylib
0x0000000016ef5000 	/usr/lib/system/libcache.dylib
0x0000000016ef5000 	/usr/lib/system/libcommonCrypto.dylib
0x0000000016ef5000 	/usr/lib/system/libcompiler_rt.dylib
0x0000000016ef5000 	/usr/lib/system/libcopyfile.dylib
0x0000000016ef5000 	/usr/lib/system/libcorecrypto.dylib
0x0000000016ef5000 	/usr/lib/system/libdispatch.dylib
0x0000000016ef5000 	/usr/lib/system/libdyld.dylib
0x0000000016ef5000 	/usr/lib/system/libkeymgr.dylib
0x0000000016ef5000 	/usr/lib/system/liblaunch.dylib
0x0000000016ef5000 	/usr/lib/system/libmacho.dylib
0x0000000016ef5000 	/usr/lib/system/libquarantine.dylib
0x0000000016ef5000 	/usr/lib/system/libremovefile.dylib
0x0000000016ef5000 	/usr/lib/system/libsystem_asl.dylib
0x0000000016ef5000 	/usr/lib/system/libsystem_blocks.dylib
0x0000000016ef5000 	/usr/lib/system/libsystem_c.dylib
0x0000000016ef5000 	/usr/lib/system/libsystem_configuration.dylib
0x0000000016ef5000 	/usr/lib/system/libsystem_coreservices.dylib
0x0000000016ef5000 	/usr/lib/system/libsystem_darwin.dylib
0x0000000016ef5000 	/usr/lib/system/libsystem_dnssd.dylib
0x0000000016ef5000 	/usr/lib/system/libsystem_info.dylib
0x0000000016ef5000 	/usr/lib/system/libsystem_m.dylib
0x0000000016ef5000 	/usr/lib/system/libsystem_malloc.dylib
0x0000000016ef5000 	/usr/lib/system/libsystem_networkextension.dylib
0x0000000016ef5000 	/usr/lib/system/libsystem_notify.dylib
0x0000000016ef5000 	/usr/lib/system/libsystem_sandbox.dylib
0x0000000016ef5000 	/usr/lib/system/libsystem_secinit.dylib
0x0000000016ef5000 	/usr/lib/system/libsystem_kernel.dylib
0x0000000016ef5000 	/usr/lib/system/libsystem_platform.dylib
0x0000000016ef5000 	/usr/lib/system/libsystem_pthread.dylib
0x0000000016ef5000 	/usr/lib/system/libsystem_symptoms.dylib
0x0000000016ef5000 	/usr/lib/system/libsystem_trace.dylib
0x0000000016ef5000 	/usr/lib/system/libunwind.dylib
0x0000000016ef5000 	/usr/lib/system/libxpc.dylib
0x0000000016ef5000 	/usr/lib/libbsm.0.dylib
0x0000000016ef5000 	/usr/lib/system/libkxld.dylib
0x0000000016ef5000 	/System/Library/PrivateFrameworks/AppleFSCompression.framework/Versions/A/AppleFSCompression
0x0000000016ef5000 	/usr/lib/libOpenScriptingUtil.dylib
0x0000000016ef5000 	/usr/lib/libcoretls.dylib
0x0000000016ef5000 	/usr/lib/libcoretls_cfhelpers.dylib
0x0000000016ef5000 	/usr/lib/libpam.2.dylib
0x0000000016ef5000 	/usr/lib/libsqlite3.dylib
0x0000000016ef5000 	/usr/lib/libxar.1.dylib
0x0000000016ef5000 	/usr/lib/libbz2.1.0.dylib
0x0000000016ef5000 	/usr/lib/liblzma.5.dylib
0x0000000016ef5000 	/usr/lib/libnetwork.dylib
0x0000000016ef5000 	/usr/lib/libapple_nghttp2.dylib
0x0000000016ef5000 	/usr/lib/libpcap.A.dylib
0x0000000016ef5000 	/System/Library/Frameworks/CoreServices.framework/Versions/A/Frameworks/FSEvents.framework/Versions/A/FSEvents
0x0000000016ef5000 	/System/Library/Frameworks/CoreServices.framework/Versions/A/Frameworks/CarbonCore.framework/Versions/A/CarbonCore
0x0000000016ef5000 	/System/Library/Frameworks/CoreServices.framework/Versions/A/Frameworks/Metadata.framework/Versions/A/Metadata
0x0000000016ef5000 	/System/Library/Frameworks/CoreServices.framework/Versions/A/Frameworks/OSServices.framework/Versions/A/OSServices
0x0000000016ef5000 	/System/Library/Frameworks/CoreServices.framework/Versions/A/Frameworks/SearchKit.framework/Versions/A/SearchKit
0x0000000016ef5000 	/System/Library/Frameworks/CoreServices.framework/Versions/A/Frameworks/AE.framework/Versions/A/AE
0x0000000016ef5000 	/System/Library/Frameworks/CoreServices.framework/Versions/A/Frameworks/LaunchServices.framework/Versions/A/LaunchServices
0x0000000016ef5000 	/System/Library/Frameworks/CoreServices.framework/Versions/A/Frameworks/DictionaryServices.framework/Versions/A/DictionaryServices
0x0000000016ef5000 	/System/Library/Frameworks/CoreServices.framework/Versions/A/Frameworks/SharedFileList.framework/Versions/A/SharedFileList
0x0000000016ef5000 	/System/Library/Frameworks/NetFS.framework/Versions/A/NetFS
0x0000000016ef5000 	/System/Library/PrivateFrameworks/NetAuth.framework/Versions/A/NetAuth
0x0000000016ef5000 	/System/Library/PrivateFrameworks/login.framework/Versions/A/Frameworks/loginsupport.framework/Versions/A/loginsupport
0x0000000016ef5000 	/System/Library/PrivateFrameworks/TCC.framework/Versions/A/TCC
0x0000000016ef5000 	/System/Library/PrivateFrameworks/CoreNLP.framework/Versions/A/CoreNLP
0x0000000016ef5000 	/System/Library/PrivateFrameworks/MetadataUtilities.framework/Versions/A/MetadataUtilities
0x0000000016ef5000 	/usr/lib/libmecabra.dylib
0x0000000016ef5000 	/System/Library/Frameworks/ApplicationServices.framework/Versions/A/Frameworks/ATS.framework/Versions/A/ATS
0x0000000016ef5000 	/System/Library/Frameworks/ApplicationServices.framework/Versions/A/Frameworks/ColorSyncLegacy.framework/Versions/A/ColorSyncLegacy
0x0000000016ef5000 	/System/Library/Frameworks/ApplicationServices.framework/Versions/A/Frameworks/HIServices.framework/Versions/A/HIServices
0x0000000016ef5000 	/System/Library/Frameworks/ApplicationServices.framework/Versions/A/Frameworks/LangAnalysis.framework/Versions/A/LangAnalysis
0x0000000016ef5000 	/System/Library/Frameworks/ApplicationServices.framework/Versions/A/Frameworks/PrintCore.framework/Versions/A/PrintCore
0x0000000016ef5000 	/System/Library/Frameworks/ApplicationServices.framework/Versions/A/Frameworks/QD.framework/Versions/A/QD
0x0000000016ef5000 	/System/Library/Frameworks/ApplicationServices.framework/Versions/A/Frameworks/SpeechSynthesis.framework/Versions/A/SpeechSynthesis
0x0000000016ef5000 	/usr/lib/libcompression.dylib
0x0000000016ef5000 	/System/Library/Frameworks/MetalPerformanceShaders.framework/Versions/A/MetalPerformanceShaders
0x0000000016ef5000 	/System/Library/Frameworks/Accelerate.framework/Versions/A/Frameworks/vImage.framework/Versions/A/vImage
0x0000000016ef5000 	/System/Library/Frameworks/Accelerate.framework/Versions/A/Frameworks/vecLib.framework/Versions/A/vecLib
0x0000000016ef5000 	/System/Library/Frameworks/Accelerate.framework/Versions/A/Frameworks/vecLib.framework/Versions/A/libvMisc.dylib
0x0000000016ef5000 	/System/Library/Frameworks/Accelerate.framework/Versions/A/Frameworks/vecLib.framework/Versions/A/libvDSP.dylib
0x0000000016ef5000 	/System/Library/Frameworks/Accelerate.framework/Versions/A/Frameworks/vecLib.framework/Versions/A/libBLAS.dylib
0x0000000016ef5000 	/System/Library/Frameworks/Accelerate.framework/Versions/A/Frameworks/vecLib.framework/Versions/A/libLAPACK.dylib
0x0000000016ef5000 	/System/Library/Frameworks/Accelerate.framework/Versions/A/Frameworks/vecLib.framework/Versions/A/libLinearAlgebra.dylib
0x0000000016ef5000 	/System/Library/Frameworks/Accelerate.framework/Versions/A/Frameworks/vecLib.framework/Versions/A/libSparseBLAS.dylib
0x0000000016ef5000 	/System/Library/Frameworks/Accelerate.framework/Versions/A/Frameworks/vecLib.framework/Versions/A/libQuadrature.dylib
0x0000000016ef5000 	/System/Library/Frameworks/Accelerate.framework/Versions/A/Frameworks/vecLib.framework/Versions/A/libBNNS.dylib
0x0000000016ef5000 	/System/Library/Frameworks/Accelerate.framework/Versions/A/Frameworks/vecLib.framework/Versions/A/libSparse.dylib
0x0000000016ef5000 	/System/Library/PrivateFrameworks/GPUWrangler.framework/Versions/A/GPUWrangler
0x0000000016ef5000 	/System/Library/PrivateFrameworks/IOAccelerator.framework/Versions/A/IOAccelerator
0x0000000016ef5000 	/System/Library/PrivateFrameworks/IOPresentment.framework/Versions/A/IOPresentment
0x0000000016ef5000 	/System/Library/PrivateFrameworks/DSExternalDisplay.framework/Versions/A/DSExternalDisplay
0x0000000016ef5000 	/System/Library/Frameworks/OpenGL.framework/Versions/A/Libraries/libCoreFSCache.dylib
0x0000000016ef5000 	/System/Library/Frameworks/MetalPerformanceShaders.framework/Frameworks/MPSCore.framework/Versions/A/MPSCore
0x0000000016ef5000 	/System/Library/Frameworks/MetalPerformanceShaders.framework/Frameworks/MPSImage.framework/Versions/A/MPSImage
0x0000000016ef5000 	/System/Library/Frameworks/MetalPerformanceShaders.framework/Frameworks/MPSNeuralNetwork.framework/Versions/A/MPSNeuralNetwork
0x0000000016ef5000 	/System/Library/Frameworks/MetalPerformanceShaders.framework/Frameworks/MPSMatrix.framework/Versions/A/MPSMatrix
0x0000000016ef5000 	/System/Library/Frameworks/MetalPerformanceShaders.framework/Frameworks/MPSRayIntersector.framework/Versions/A/MPSRayIntersector
0x0000000016ef5000 	/System/Library/PrivateFrameworks/MetalTools.framework/Versions/A/MetalTools
0x0000000016ef5000 	/System/Library/PrivateFrameworks/AggregateDictionary.framework/Versions/A/AggregateDictionary
0x0000000016ef5000 	/usr/lib/libMobileGestalt.dylib
0x0000000016ef5000 	/System/Library/Frameworks/CoreVideo.framework/Versions/A/CoreVideo
0x0000000016ef5000 	/System/Library/PrivateFrameworks/GraphVisualizer.framework/Versions/A/GraphVisualizer
0x0000000016ef5000 	/System/Library/PrivateFrameworks/FaceCore.framework/Versions/A/FaceCore
0x0000000016ef5000 	/System/Library/Frameworks/OpenCL.framework/Versions/A/OpenCL
0x0000000016ef5000 	/usr/lib/libFosl_dynamic.dylib
0x0000000016ef5000 	/System/Library/PrivateFrameworks/OTSVG.framework/Versions/A/OTSVG
0x0000000016ef5000 	/System/Library/Frameworks/ApplicationServices.framework/Versions/A/Frameworks/ATS.framework/Versions/A/Resources/libFontParser.dylib
0x0000000016ef5000 	/System/Library/Frameworks/ApplicationServices.framework/Versions/A/Frameworks/ATS.framework/Versions/A/Resources/libFontRegistry.dylib
0x0000000016ef5000 	/System/Library/Frameworks/ImageIO.framework/Versions/A/Resources/libJPEG.dylib
0x0000000016ef5000 	/System/Library/Frameworks/ImageIO.framework/Versions/A/Resources/libTIFF.dylib
0x0000000016ef5000 	/System/Library/Frameworks/ImageIO.framework/Versions/A/Resources/libPng.dylib
0x0000000016ef5000 	/System/Library/Frameworks/ImageIO.framework/Versions/A/Resources/libGIF.dylib
0x0000000016ef5000 	/System/Library/Frameworks/ImageIO.framework/Versions/A/Resources/libJP2.dylib
0x0000000016ef5000 	/System/Library/Frameworks/ImageIO.framework/Versions/A/Resources/libRadiance.dylib
0x0000000016ef5000 	/System/Library/PrivateFrameworks/AppleJPEG.framework/Versions/A/AppleJPEG
0x0000000016ef5000 	/System/Library/Frameworks/OpenGL.framework/Versions/A/Libraries/libGFXShared.dylib
0x0000000016ef5000 	/System/Library/Frameworks/OpenGL.framework/Versions/A/Libraries/libGLU.dylib
0x0000000016ef5000 	/System/Library/Frameworks/OpenGL.framework/Versions/A/Libraries/libGL.dylib
0x0000000016ef5000 	/System/Library/Frameworks/OpenGL.framework/Versions/A/Libraries/libGLImage.dylib
0x0000000016ef5000 	/System/Library/Frameworks/OpenGL.framework/Versions/A/Libraries/libCVMSPluginSupport.dylib
0x0000000016ef5000 	/System/Library/Frameworks/OpenGL.framework/Versions/A/Libraries/libCoreVMClient.dylib
0x0000000016ef5000 	/usr/lib/libcups.2.dylib
0x0000000016ef5000 	/System/Library/Frameworks/Kerberos.framework/Versions/A/Kerberos
0x0000000016ef5000 	/System/Library/Frameworks/GSS.framework/Versions/A/GSS
0x0000000016ef5000 	/usr/lib/libresolv.9.dylib
0x0000000016ef5000 	/usr/lib/libiconv.2.dylib
0x0000000016ef5000 	/System/Library/PrivateFrameworks/Heimdal.framework/Versions/A/Heimdal
0x0000000016ef5000 	/usr/lib/libheimdal-asn1.dylib
0x0000000016ef5000 	/System/Library/Frameworks/OpenDirectory.framework/Versions/A/OpenDirectory
0x0000000016ef5000 	/System/Library/PrivateFrameworks/CommonAuth.framework/Versions/A/CommonAuth
0x0000000016ef5000 	/System/Library/Frameworks/OpenDirectory.framework/Versions/A/Frameworks/CFOpenDirectory.framework/Versions/A/CFOpenDirectory
0x0000000016ef5000 	/System/Library/Frameworks/SecurityFoundation.framework/Versions/A/SecurityFoundation
0x0000000016ef5000 	/System/Library/PrivateFrameworks/APFS.framework/Versions/A/APFS
0x0000000016ef5000 	/usr/lib/libutil.dylib
0x0000000016ef5000 	/usr/lib/libcharset.1.dylib
0x0000000016ef5000 	/System/Library/PrivateFrameworks/AppleSauce.framework/Versions/A/AppleSauce
0x0000000016ef5000 	/System/Library/PrivateFrameworks/AssertionServices.framework/Versions/A/AssertionServices
0x0000000016ef5000 	/System/Library/PrivateFrameworks/BaseBoard.framework/Versions/A/BaseBoard
0x0000000016ef5000 	/usr/lib/libmecab.1.0.0.dylib
0x0000000016ef5000 	/usr/lib/libgermantok.dylib
0x0000000016ef5000 	/usr/lib/libThaiTokenizer.dylib
0x0000000016ef5000 	/usr/lib/libChineseTokenizer.dylib
0x0000000016ef5000 	/System/Library/PrivateFrameworks/LanguageModeling.framework/Versions/A/LanguageModeling
0x0000000016ef5000 	/System/Library/PrivateFrameworks/CoreEmoji.framework/Versions/A/CoreEmoji
0x0000000016ef5000 	/System/Library/PrivateFrameworks/Lexicon.framework/Versions/A/Lexicon
0x0000000016ef5000 	/System/Library/PrivateFrameworks/LinguisticData.framework/Versions/A/LinguisticData
0x0000000016ef5000 	/usr/lib/libcmph.dylib
0x0000000016ef5000 	/System/Library/Frameworks/ServiceManagement.framework/Versions/A/ServiceManagement
0x0000000016ef5000 	/System/Library/PrivateFrameworks/BackgroundTaskManagement.framework/Versions/A/BackgroundTaskManagement
0x0000000016ef5000 	/usr/lib/libxslt.1.dylib
0x0000000016ef5000 	/System/Library/Frameworks/Carbon.framework/Versions/A/Frameworks/Ink.framework/Versions/A/Ink
0x0000000016ef5000 	/System/Library/PrivateFrameworks/TextureIO.framework/Versions/A/TextureIO
0x0000000016ef5000 	/usr/lib/libate.dylib
0x0000000016ef5000 	/System/Library/PrivateFrameworks/CrashReporterSupport.framework/Versions/A/CrashReporterSupport
0x0000000016ef5000 	/System/Library/PrivateFrameworks/Sharing.framework/Versions/A/Sharing
0x0000000016ef5000 	/System/Library/PrivateFrameworks/AuthKit.framework/Versions/A/AuthKit
0x0000000016ef5000 	/System/Library/PrivateFrameworks/Apple80211.framework/Versions/A/Apple80211
0x0000000016ef5000 	/System/Library/PrivateFrameworks/CoreUtils.framework/Versions/A/CoreUtils
0x0000000016ef5000 	/System/Library/Frameworks/CoreWLAN.framework/Versions/A/CoreWLAN
0x0000000016ef5000 	/System/Library/Frameworks/IOBluetooth.framework/Versions/A/IOBluetooth
0x0000000016ef5000 	/System/Library/PrivateFrameworks/ProtocolBuffer.framework/Versions/A/ProtocolBuffer
0x0000000016ef5000 	/System/Library/PrivateFrameworks/MobileKeyBag.framework/Versions/A/MobileKeyBag
0x0000000016ef5000 	/System/Library/PrivateFrameworks/CorePhoneNumbers.framework/Versions/A/CorePhoneNumbers
0x0000000016ef5000 	/System/Library/PrivateFrameworks/AppleIDAuthSupport.framework/Versions/A/AppleIDAuthSupport
0x0000000016ef5000 	/System/Library/PrivateFrameworks/KeychainCircle.framework/Versions/A/KeychainCircle
0x0000000016ef5000 	/System/Library/PrivateFrameworks/ROCKit.framework/Versions/A/ROCKit
0x0000000016ef5000 	/System/Library/PrivateFrameworks/CoreWiFi.framework/Versions/A/CoreWiFi
0x0000000016ef5000 	/System/Library/Frameworks/CoreBluetooth.framework/Versions/A/CoreBluetooth
0x0000000016ef5000 	/System/Library/PrivateFrameworks/DebugSymbols.framework/Versions/A/DebugSymbols
0x0000000016ef5000 	/System/Library/PrivateFrameworks/CoreSymbolication.framework/Versions/A/CoreSymbolication
0x0000000016ef5000 	/System/Library/PrivateFrameworks/Symbolication.framework/Versions/A/Symbolication
0x0000000016ef5000 	/System/Library/PrivateFrameworks/SpeechRecognitionCore.framework/Versions/A/SpeechRecognitionCore
0x0000000016ef5000 	/System/Library/CoreServices/Encodings/libCyrillicConverter.dylib
0x0000000104232000 	/Library/Java/JavaVirtualMachines/jdk1.8.0_121.jdk/Contents/Home/jre/lib/server/libjvm.dylib
0x0000000016ef5000 	/usr/lib/libstdc++.6.dylib
0x0000000103e2c000 	/Library/Java/JavaVirtualMachines/jdk1.8.0_121.jdk/Contents/Home/jre/lib/libverify.dylib
0x0000000103e3a000 	/Library/Java/JavaVirtualMachines/jdk1.8.0_121.jdk/Contents/Home/jre/lib/libjava.dylib
0x0000000103eb9000 	/Library/Java/JavaVirtualMachines/jdk1.8.0_121.jdk/Contents/Home/jre/lib/libzip.dylib
0x0000000016ef5000 	/System/Library/Frameworks/JavaVM.framework/Versions/A/Frameworks/JavaRuntimeSupport.framework/Versions/A/JavaRuntimeSupport
0x0000000016ef5000 	/System/Library/Frameworks/JavaVM.framework/Versions/A/Frameworks/JavaNativeFoundation.framework/Versions/A/JavaNativeFoundation
0x0000000016ef5000 	/System/Library/Frameworks/JavaVM.framework/Versions/A/JavaVM
0x0000000016ef5000 	/System/Library/Frameworks/Carbon.framework/Versions/A/Carbon
0x0000000016ef5000 	/System/Library/PrivateFrameworks/JavaLaunching.framework/Versions/A/JavaLaunching
0x0000000016ef5000 	/System/Library/Frameworks/Carbon.framework/Versions/A/Frameworks/CommonPanels.framework/Versions/A/CommonPanels
0x0000000016ef5000 	/System/Library/Frameworks/Carbon.framework/Versions/A/Frameworks/Help.framework/Versions/A/Help
0x0000000016ef5000 	/System/Library/Frameworks/Carbon.framework/Versions/A/Frameworks/ImageCapture.framework/Versions/A/ImageCapture
0x0000000016ef5000 	/System/Library/Frameworks/Carbon.framework/Versions/A/Frameworks/OpenScripting.framework/Versions/A/OpenScripting
0x0000000016ef5000 	/System/Library/Frameworks/Carbon.framework/Versions/A/Frameworks/Print.framework/Versions/A/Print
0x0000000016ef5000 	/System/Library/Frameworks/Carbon.framework/Versions/A/Frameworks/SecurityHI.framework/Versions/A/SecurityHI
0x000000011cb48000 	/Library/Java/JavaVirtualMachines/jdk1.8.0_121.jdk/Contents/Home/jre/lib/libawt.dylib
0x000000011cbf0000 	/Library/Java/JavaVirtualMachines/jdk1.8.0_121.jdk/Contents/Home/jre/lib/./libmlib_image.dylib
0x000000011ccbc000 	/Library/Java/JavaVirtualMachines/jdk1.8.0_121.jdk/Contents/Home/jre/lib/libawt_lwawt.dylib
0x000000011cd73000 	/Library/Java/JavaVirtualMachines/jdk1.8.0_121.jdk/Contents/Home/jre/lib/./libosxapp.dylib
0x0000000016ef5000 	/System/Library/Frameworks/ExceptionHandling.framework/Versions/A/ExceptionHandling
0x0000000016ef5000 	/System/Library/PrivateFrameworks/CoreServicesInternal.framework/Versions/A/CoreServicesInternal
0x0000000016ef5000 	/System/Library/CoreServices/RawCamera.bundle/Contents/MacOS/RawCamera
0x0000000016ef5000 	/System/Library/PrivateFrameworks/MobileAsset.framework/Versions/A/MobileAsset
0x0000000016ef5000 	/System/Library/PrivateFrameworks/StreamingZip.framework/Versions/A/StreamingZip
0x0000000016ef5000 	/System/Library/Frameworks/MediaToolbox.framework/Versions/A/MediaToolbox
0x0000000016ef5000 	/System/Library/PrivateFrameworks/CoreAVCHD.framework/Versions/A/CoreAVCHD
0x0000000016ef5000 	/System/Library/Frameworks/MediaAccessibility.framework/Versions/A/MediaAccessibility
0x0000000016ef5000 	/System/Library/PrivateFrameworks/Mangrove.framework/Versions/A/Mangrove
0x0000000016ef5000 	/System/Library/Frameworks/CoreMedia.framework/Versions/A/CoreMedia
0x0000000016ef5000 	/System/Library/Frameworks/VideoToolbox.framework/Versions/A/VideoToolbox
0x0000000016ef5000 	/System/Library/PrivateFrameworks/CoreAUC.framework/Versions/A/CoreAUC
0x0000000016ef5000 	/usr/lib/libspindump.dylib
0x0000000016ef5000 	/System/Library/PrivateFrameworks/AppleVA.framework/Versions/A/AppleVA
0x0000000016ef5000 	/System/Library/Frameworks/Accelerate.framework/Versions/A/Frameworks/vImage.framework/Versions/A/Libraries/libCGInterfaces.dylib
0x0000000016ef5000 	/System/Library/Frameworks/ApplicationServices.framework/Versions/A/Frameworks/ATS.framework/Versions/A/Resources/libTrueTypeScaler.dylib
0x0000000016ef5000 	/System/Library/Extensions/AppleIntelHD5000GraphicsMTLDriver.bundle/Contents/MacOS/AppleIntelHD5000GraphicsMTLDriver
0x0000000016ef5000 	/System/Library/PrivateFrameworks/GPUCompiler.framework/Versions/3902/Libraries/libmetal_timestamp.dylib
0x0000000016ef5000 	/System/Library/PrivateFrameworks/FamilyControls.framework/Versions/A/FamilyControls
0x0000000016ef5000 	/System/Library/PrivateFrameworks/CommerceKit.framework/Versions/A/Frameworks/CommerceCore.framework/Versions/A/CommerceCore
0x0000000016ef5000 	/System/Library/PrivateFrameworks/SystemAdministration.framework/Versions/A/SystemAdministration
0x0000000016ef5000 	/System/Library/PrivateFrameworks/AppContainer.framework/Versions/A/AppContainer
0x0000000016ef5000 	/System/Library/PrivateFrameworks/AppSandbox.framework/Versions/A/AppSandbox
0x0000000016ef5000 	/System/Library/PrivateFrameworks/SecCodeWrapper.framework/Versions/A/SecCodeWrapper
0x0000000016ef5000 	/usr/lib/libsandbox.1.dylib
0x0000000016ef5000 	/usr/lib/libMatch.1.dylib
0x0000000016ef5000 	/System/Library/PrivateFrameworks/DiskManagement.framework/Versions/A/DiskManagement
0x0000000016ef5000 	/System/Library/Frameworks/DirectoryService.framework/Versions/A/DirectoryService
0x0000000016ef5000 	/System/Library/PrivateFrameworks/DiskImages.framework/Versions/A/DiskImages
0x0000000016ef5000 	/System/Library/PrivateFrameworks/LoginUIKit.framework/Versions/A/Frameworks/LoginUICore.framework/Versions/A/LoginUICore
0x0000000016ef5000 	/usr/lib/libCoreStorage.dylib
0x0000000016ef5000 	/usr/lib/libcsfde.dylib
0x0000000016ef5000 	/usr/lib/libodfde.dylib
0x0000000016ef5000 	/System/Library/PrivateFrameworks/MediaKit.framework/Versions/A/MediaKit
0x0000000016ef5000 	/System/Library/Frameworks/DiscRecording.framework/Versions/A/DiscRecording
0x0000000016ef5000 	/System/Library/PrivateFrameworks/EFILogin.framework/Versions/A/EFILogin
0x0000000016ef5000 	/System/Library/PrivateFrameworks/ProtectedCloudStorage.framework/Versions/A/ProtectedCloudStorage
0x0000000016ef5000 	/usr/lib/libcurl.4.dylib
0x0000000016ef5000 	/usr/lib/libcrypto.42.dylib
0x0000000016ef5000 	/usr/lib/libssl.44.dylib
0x0000000016ef5000 	/System/Library/Frameworks/LDAP.framework/Versions/A/LDAP
0x0000000016ef5000 	/System/Library/PrivateFrameworks/TrustEvaluationAgent.framework/Versions/A/TrustEvaluationAgent
0x0000000016ef5000 	/usr/lib/libsasl2.2.dylib
0x0000000016ef5000 	/System/Library/PrivateFrameworks/CoreDaemon.framework/Versions/B/CoreDaemon
0x0000000016ef5000 	/System/Library/PrivateFrameworks/AppleSRP.framework/Versions/A/AppleSRP
0x0000000016ef5000 	/System/Library/PrivateFrameworks/ViewBridge.framework/Versions/A/ViewBridge
0x000000011fa55000 	/Library/Java/JavaVirtualMachines/jdk1.8.0_121.jdk/Contents/Home/jre/lib/libnet.dylib
0x000000011fa6c000 	/Library/Java/JavaVirtualMachines/jdk1.8.0_121.jdk/Contents/Home/jre/lib/libnio.dylib
0x000000011fa7c000 	/private/var/folders/8y/1c5n10gd0pg95mwl4rk8ytc40000gn/T/jogamp_0000/file_cache/jln6081252887526819844/jln5890362109292138605/natives/macosx-universal/libgluegen-rt.jnilib
0x000000011fa80000 	/Library/Java/JavaVirtualMachines/jdk1.8.0_121.jdk/Contents/Home/jre/lib/libfontmanager.dylib
0x000000011fae7000 	/private/var/folders/8y/1c5n10gd0pg95mwl4rk8ytc40000gn/T/jogamp_0000/file_cache/jln6081252887526819844/jln5890362109292138605/natives/macosx-universal/libnativewindow_awt.jnilib
0x000000011faea000 	/Library/Java/JavaVirtualMachines/jdk1.8.0_121.jdk/Contents/Home/jre/lib/libjawt.dylib
0x0000000016ef5000 	/System/Library/Frameworks/OpenGL.framework/Versions/A/Resources/GLEngine.bundle/GLEngine
0x0000000016ef5000 	/System/Library/Frameworks/OpenGL.framework/Versions/A/Libraries/libGLProgrammability.dylib
0x0000000016ef5000 	/System/Library/Extensions/AppleIntelHD5000GraphicsGLDriver.bundle/Contents/MacOS/AppleIntelHD5000GraphicsGLDriver
0x0000000016ef5000 	/System/Library/PrivateFrameworks/GPUSupport.framework/Versions/A/Libraries/libGPUSupportMercury.dylib
0x0000000016ef5000 	/System/Library/Frameworks/OpenGL.framework/Versions/A/Resources/GLRendererFloat.bundle/GLRendererFloat
0x0000000016ef5000 	/System/Library/Frameworks/OpenCL.framework/Versions/A/Libraries/libcldcpuengine.dylib
0x0000000016ef5000 	/usr/lib/libcrypto.35.dylib
0x000000012041c000 	/private/var/folders/8y/1c5n10gd0pg95mwl4rk8ytc40000gn/T/jogamp_0000/file_cache/jln6081252887526819844/jln5890362109292138605/natives/macosx-universal/libnativewindow_macosx.jnilib
0x0000000120953000 	/private/var/folders/8y/1c5n10gd0pg95mwl4rk8ytc40000gn/T/jogamp_0000/file_cache/jln6081252887526819844/jln5890362109292138605/natives/macosx-universal/libjogl_desktop.jnilib
0x0000000120a27000 	/private/var/folders/8y/1c5n10gd0pg95mwl4rk8ytc40000gn/T/jogamp_0000/file_cache/jln6081252887526819844/jln5890362109292138605/natives/macosx-universal/libjogl_mobile.jnilib
0x000000011f0bc000 	/Library/Java/JavaVirtualMachines/jdk1.8.0_121.jdk/Contents/Home/jre/lib/libosxui.dylib
0x000000011e8e7000 	/usr/lib/libobjc-trampolines.dylib

VM Arguments:
jvm_args: -Dfile.encoding=UTF-8 
java_command: Line
java_class_path (initial): /Users/Arsalan/Documents/workspace/Graphics/bin:/Users/Arsalan/Documents/workspace/Graphics/lib/gluegen-rt.jar:/Users/Arsalan/Documents/workspace/Graphics/lib/jogl-all.jar
Launcher Type: SUN_STANDARD

Environment Variables:
PATH=/usr/bin:/bin:/usr/sbin:/sbin
SHELL=/bin/bash

Signal Handlers:
SIGSEGV: [libjvm.dylib+0x5b1141], sa_mask[0]=11111111011111110111111111111111, sa_flags=SA_ONSTACK|SA_RESTART|SA_SIGINFO
SIGBUS: [libjvm.dylib+0x5b1141], sa_mask[0]=11111111011111110111111111111111, sa_flags=SA_RESTART|SA_SIGINFO
SIGFPE: [libjvm.dylib+0x487bc4], sa_mask[0]=11111111011111110111111111111111, sa_flags=SA_RESTART|SA_SIGINFO
SIGPIPE: [libjvm.dylib+0x487bc4], sa_mask[0]=11111111011111110111111111111111, sa_flags=SA_RESTART|SA_SIGINFO
SIGXFSZ: [libjvm.dylib+0x487bc4], sa_mask[0]=11111111011111110111111111111111, sa_flags=SA_RESTART|SA_SIGINFO
SIGILL: [libjvm.dylib+0x487bc4], sa_mask[0]=11111111011111110111111111111111, sa_flags=SA_RESTART|SA_SIGINFO
SIGUSR1: SIG_DFL, sa_mask[0]=00000000000000000000000000000000, sa_flags=none
SIGUSR2: [libjvm.dylib+0x4876e2], sa_mask[0]=00100000000000000000000000000000, sa_flags=SA_RESTART|SA_SIGINFO
SIGHUP: [libjvm.dylib+0x485cb9], sa_mask[0]=11111111011111110111111111111111, sa_flags=SA_RESTART|SA_SIGINFO
SIGINT: [libjvm.dylib+0x485cb9], sa_mask[0]=11111111011111110111111111111111, sa_flags=SA_RESTART|SA_SIGINFO
SIGTERM: [libjvm.dylib+0x485cb9], sa_mask[0]=11111111011111110111111111111111, sa_flags=SA_RESTART|SA_SIGINFO
SIGQUIT: [libjvm.dylib+0x485cb9], sa_mask[0]=11111111011111110111111111111111, sa_flags=SA_RESTART|SA_SIGINFO


---------------  S Y S T E M  ---------------

OS:Bsduname:Darwin 18.6.0 Darwin Kernel Version 18.6.0: Tue May  7 22:54:55 PDT 2019; root:xnu-4903.270.19.100.1~2/RELEASE_X86_64 x86_64
rlimit: STACK 8192k, CORE 0k, NPROC 709, NOFILE 10240, AS infinity
load average:3.00 2.38 2.24

CPU:total 4 (2 cores per cpu, 2 threads per core) family 6 model 69 stepping 1, cmov, cx8, fxsr, mmx, sse, sse2, sse3, ssse3, sse4.1, sse4.2, popcnt, avx, avx2, aes, clmul, erms, lzcnt, ht, tsc, tscinvbit, bmi1, bmi2

Memory: 4k page, physical 8388608k(375328k free)

/proc/meminfo:


vm_info: Java HotSpot(TM) 64-Bit Server VM (25.121-b13) for bsd-amd64 JRE (1.8.0_121-b13), built on Dec 12 2016 20:39:32 by "java_re" with gcc 4.2.1 (Based on Apple Inc. build 5658) (LLVM build 2336.11.00)

time: Thu Jun 13 12:32:56 2019
elapsed time: 2 seconds (0d 0h 0m 2s)

