#
# A fatal error has been detected by the Java Runtime Environment:
#
#  SIGSEGV (0xb) at pc=0x00007fff73fc66f2, pid=1831, tid=0x0000000000012903
#
# JRE version: Java(TM) SE Runtime Environment (8.0_121-b13) (build 1.8.0_121-b13)
# Java VM: Java HotSpot(TM) 64-Bit Server VM (25.121-b13 mixed mode bsd-amd64 compressed oops)
# Problematic frame:
# C  [libsystem_platform.dylib+0x16f2]  _platform_strlen+0x12
#
# Failed to write core dump. Core dumps have been disabled. To enable core dumping, try "ulimit -c unlimited" before starting Java again
#
# If you would like to submit a bug report, please visit:
#   http://bugreport.java.com/bugreport/crash.jsp
# The crash happened outside the Java Virtual Machine in native code.
# See problematic frame for where to report the bug.
#

---------------  T H R E A D  ---------------

Current thread (0x00007f83540d0000):  JavaThread "AWT-EventQueue-0" [_thread_in_native, id=76035, stack(0x000070000d2ed000,0x000070000d3ed000)]

siginfo: si_signo: 11 (SIGSEGV), si_code: 1 (SEGV_MAPERR), si_addr: 0x0000000000000000

Registers:
RAX=0x00000000000000ff, RBX=0x0000000000000001, RCX=0x0000000000000000, RDX=0x0000000000000000
RSP=0x000070000d3ea1c0, RBP=0x000070000d3ea1c0, RSI=0x0000000000008000, RDI=0x0000000000000000
R8 =0x00007f8354c54000, R9 =0x00007fff51ad9b17, R10=0x00007f8352600000, R11=0x0000000000000003
R12=0x0000000000000000, R13=0x00007f8352679cc0, R14=0x00007f8352679d00, R15=0x00000000000000ff
RIP=0x00007fff73fc66f2, EFLAGS=0x0000000000010246, ERR=0x0000000000000004
  TRAPNO=0x000000000000000e

Top of Stack: (sp=0x000070000d3ea1c0)
0x000070000d3ea1c0:   000070000d3ea220 00007fff51ad9bed
0x000070000d3ea1d0:   0000000000000000 000000012c366000
0x000070000d3ea1e0:   0000000000000000 0000000000000003
0x000070000d3ea1f0:   00007f8352679cc0 0000000000000000
0x000070000d3ea200:   0000000000000000 000000012ba10ec8
0x000070000d3ea210:   0000000000000000 00007f83540d0000
0x000070000d3ea220:   000070000d3ea2e0 000000012bdfea09
0x000070000d3ea230:   000070000d3ea280 000000000000000b
0x000070000d3ea240:   000070000d3ea260 000000010f4e7c62
0x000070000d3ea250:   000000012ba10ec8 000000012ba10ec8
0x000070000d3ea260:   000070000d3ea2d0 000000010f5db853
0x000070000d3ea270:   0000000000000000 0000000100000001
0x000070000d3ea280:   00007f83525da430 00007f8352679cc0
0x000070000d3ea290:   00007fff50ec270c 00007fff50ec270c
0x000070000d3ea2a0:   00000000000d0000 0000000000000000
0x000070000d3ea2b0:   000070000d3ea3c8 0000000100000003
0x000070000d3ea2c0:   000070000d3ea3e0 00007f83540d01f8
0x000070000d3ea2d0:   000000012ba10ec8 000070000d3ea3e0
0x000070000d3ea2e0:   000070000d3ea380 000000011b1449f4
0x000070000d3ea2f0:   0000700000000000 0000000100000000
0x000070000d3ea300:   00007fff50ec270c 00007f83540d0000
0x000070000d3ea310:   000000012ba10ec8 000070000d3ea3e0
0x000070000d3ea320:   000070000d3ea380 000000011b144779
0x000070000d3ea330:   000000011b1506e3 000000011b144742
0x000070000d3ea340:   000070000d3ea340 000000012ba10ec8
0x000070000d3ea350:   000070000d3ea3e0 000000012bae6028
0x000070000d3ea360:   0000000000000000 000000012ba10ec8
0x000070000d3ea370:   0000000000000000 000070000d3ea3a0
0x000070000d3ea380:   000070000d3ea428 000000011b1352bd
0x000070000d3ea390:   0000000000000000 000000011b13e538
0x000070000d3ea3a0:   00007fff50ec270c 000000012ba10f9e
0x000070000d3ea3b0:   0000000000000000 0000000000000000 

Instructions: (pc=0x00007fff73fc66f2)
0x00007fff73fc66d2:   90 90 90 90 90 90 90 90 90 90 90 90 90 90 55 48
0x00007fff73fc66e2:   89 e5 48 89 f9 48 89 fa 48 83 e7 f0 66 0f ef c0
0x00007fff73fc66f2:   66 0f 74 07 66 0f d7 f0 48 83 e1 0f 48 83 c8 ff
0x00007fff73fc6702:   48 d3 e0 21 c6 74 17 0f bc c6 48 29 d7 48 01 f8 

Register to memory mapping:

RAX=0x00000000000000ff is an unknown value
RBX=0x0000000000000001 is an unknown value
RCX=0x0000000000000000 is an unknown value
RDX=0x0000000000000000 is an unknown value
RSP=0x000070000d3ea1c0 is pointing into the stack for thread: 0x00007f83540d0000
RBP=0x000070000d3ea1c0 is pointing into the stack for thread: 0x00007f83540d0000
RSI=0x0000000000008000 is an unknown value
RDI=0x0000000000000000 is an unknown value
R8 =0x00007f8354c54000 is an unknown value
R9 =0x00007fff51ad9b17: glShaderSourceARB_Exec+0 in /System/Library/Frameworks/OpenGL.framework/Versions/A/Resources/GLEngine.bundle/GLEngine at 0x00007fff51a62000
R10=0x00007f8352600000 is an unknown value
R11=0x0000000000000003 is an unknown value
R12=0x0000000000000000 is an unknown value
R13=0x00007f8352679cc0 is an unknown value
R14=0x00007f8352679d00 is an unknown value
R15=0x00000000000000ff is an unknown value


Stack: [0x000070000d2ed000,0x000070000d3ed000],  sp=0x000070000d3ea1c0,  free space=1012k
Native frames: (J=compiled Java code, j=interpreted, Vv=VM code, C=native code)
C  [libsystem_platform.dylib+0x16f2]  _platform_strlen+0x12
C  [GLEngine+0x77bed]  glShaderSourceARB_Exec+0xd6
C  [libjogl_desktop.jnilib+0x33a09]  Java_jogamp_opengl_gl4_GL4bcImpl_dispatch_1glShaderSource1__II_3Ljava_lang_String_2Ljava_lang_Object_2IZJ+0x289
j  jogamp.opengl.gl4.GL4bcImpl.dispatch_glShaderSource1(II[Ljava/lang/String;Ljava/lang/Object;IZJ)V+0
j  jogamp.opengl.gl4.GL4bcImpl.glShaderSource(II[Ljava/lang/String;[II)V+110
j  Line.createShaderProgram()I+53
j  Line.init(Lcom/jogamp/opengl/GLAutoDrawable;)V+9
j  jogamp.opengl.GLDrawableHelper.init(Lcom/jogamp/opengl/GLEventListener;Lcom/jogamp/opengl/GLAutoDrawable;Z)V+2
j  jogamp.opengl.GLDrawableHelper.init(Lcom/jogamp/opengl/GLAutoDrawable;Z)V+81
j  com.jogamp.opengl.awt.GLCanvas$10.run()V+26
j  jogamp.opengl.GLDrawableHelper.invokeGLImpl(Lcom/jogamp/opengl/GLDrawable;Lcom/jogamp/opengl/GLContext;Ljava/lang/Runnable;Ljava/lang/Runnable;)V+197
j  jogamp.opengl.GLDrawableHelper.invokeGL(Lcom/jogamp/opengl/GLDrawable;Lcom/jogamp/opengl/GLContext;Ljava/lang/Runnable;Ljava/lang/Runnable;)V+72
j  com.jogamp.opengl.awt.GLCanvas$12.run()V+104
j  com.jogamp.opengl.Threading.invoke(ZLjava/lang/Runnable;Ljava/lang/Object;)V+27
j  com.jogamp.opengl.awt.GLCanvas.display()V+64
j  com.jogamp.opengl.awt.GLCanvas.paint(Ljava/awt/Graphics;)V+137
j  sun.awt.RepaintArea.paintComponent(Ljava/awt/Component;Ljava/awt/Graphics;)V+6
j  sun.lwawt.LWRepaintArea.paintComponent(Ljava/awt/Component;Ljava/awt/Graphics;)V+29
j  sun.awt.RepaintArea.paint(Ljava/lang/Object;Z)V+326
j  sun.lwawt.LWComponentPeer.handleJavaPaintEvent()V+19
j  sun.lwawt.LWComponentPeer.handleEvent(Ljava/awt/AWTEvent;)V+84
j  java.awt.Component.dispatchEventImpl(Ljava/awt/AWTEvent;)V+877
j  java.awt.Component.dispatchEvent(Ljava/awt/AWTEvent;)V+2
j  java.awt.EventQueue.dispatchEventImpl(Ljava/awt/AWTEvent;Ljava/lang/Object;)V+41
j  java.awt.EventQueue.access$500(Ljava/awt/EventQueue;Ljava/awt/AWTEvent;Ljava/lang/Object;)V+3
j  java.awt.EventQueue$3.run()Ljava/lang/Void;+32
j  java.awt.EventQueue$3.run()Ljava/lang/Object;+1
v  ~StubRoutines::call_stub
V  [libjvm.dylib+0x2ed9d6]
V  [libjvm.dylib+0x34e114]
j  java.security.AccessController.doPrivileged(Ljava/security/PrivilegedAction;Ljava/security/AccessControlContext;)Ljava/lang/Object;+0
j  java.security.ProtectionDomain$JavaSecurityAccessImpl.doIntersectionPrivilege(Ljava/security/PrivilegedAction;Ljava/security/AccessControlContext;Ljava/security/AccessControlContext;)Ljava/lang/Object;+18
j  java.security.ProtectionDomain$JavaSecurityAccessImpl.doIntersectionPrivilege(Ljava/security/PrivilegedAction;Ljava/security/AccessControlContext;)Ljava/lang/Object;+6
j  java.awt.EventQueue$4.run()Ljava/lang/Void;+11
j  java.awt.EventQueue$4.run()Ljava/lang/Object;+1
v  ~StubRoutines::call_stub
V  [libjvm.dylib+0x2ed9d6]
V  [libjvm.dylib+0x34e114]
j  java.security.AccessController.doPrivileged(Ljava/security/PrivilegedAction;Ljava/security/AccessControlContext;)Ljava/lang/Object;+0
j  java.security.ProtectionDomain$JavaSecurityAccessImpl.doIntersectionPrivilege(Ljava/security/PrivilegedAction;Ljava/security/AccessControlContext;Ljava/security/AccessControlContext;)Ljava/lang/Object;+18
j  java.awt.EventQueue.dispatchEvent(Ljava/awt/AWTEvent;)V+73
j  java.awt.EventDispatchThread.pumpOneEventForFilters(I)V+245
j  java.awt.EventDispatchThread.pumpEventsForFilter(ILjava/awt/Conditional;Ljava/awt/EventFilter;)V+35
j  java.awt.EventDispatchThread.pumpEventsForHierarchy(ILjava/awt/Conditional;Ljava/awt/Component;)V+11
j  java.awt.EventDispatchThread.pumpEvents(ILjava/awt/Conditional;)V+4
j  java.awt.EventDispatchThread.pumpEvents(Ljava/awt/Conditional;)V+3
j  java.awt.EventDispatchThread.run()V+9
v  ~StubRoutines::call_stub
V  [libjvm.dylib+0x2ed9d6]
V  [libjvm.dylib+0x2ee164]
V  [libjvm.dylib+0x2ee310]
V  [libjvm.dylib+0x348a5d]
V  [libjvm.dylib+0x56ab0f]
V  [libjvm.dylib+0x56c1fc]
V  [libjvm.dylib+0x48a5b2]
C  [libsystem_pthread.dylib+0x32eb]  _pthread_body+0x7e
C  [libsystem_pthread.dylib+0x6249]  _pthread_start+0x42
C  [libsystem_pthread.dylib+0x240d]  thread_start+0xd
C  0x0000000000000000

Java frames: (J=compiled Java code, j=interpreted, Vv=VM code)
j  jogamp.opengl.gl4.GL4bcImpl.dispatch_glShaderSource1(II[Ljava/lang/String;Ljava/lang/Object;IZJ)V+0
j  jogamp.opengl.gl4.GL4bcImpl.glShaderSource(II[Ljava/lang/String;[II)V+110
j  Line.createShaderProgram()I+53
j  Line.init(Lcom/jogamp/opengl/GLAutoDrawable;)V+9
j  jogamp.opengl.GLDrawableHelper.init(Lcom/jogamp/opengl/GLEventListener;Lcom/jogamp/opengl/GLAutoDrawable;Z)V+2
j  jogamp.opengl.GLDrawableHelper.init(Lcom/jogamp/opengl/GLAutoDrawable;Z)V+81
j  com.jogamp.opengl.awt.GLCanvas$10.run()V+26
j  jogamp.opengl.GLDrawableHelper.invokeGLImpl(Lcom/jogamp/opengl/GLDrawable;Lcom/jogamp/opengl/GLContext;Ljava/lang/Runnable;Ljava/lang/Runnable;)V+197
j  jogamp.opengl.GLDrawableHelper.invokeGL(Lcom/jogamp/opengl/GLDrawable;Lcom/jogamp/opengl/GLContext;Ljava/lang/Runnable;Ljava/lang/Runnable;)V+72
j  com.jogamp.opengl.awt.GLCanvas$12.run()V+104
j  com.jogamp.opengl.Threading.invoke(ZLjava/lang/Runnable;Ljava/lang/Object;)V+27
j  com.jogamp.opengl.awt.GLCanvas.display()V+64
j  com.jogamp.opengl.awt.GLCanvas.paint(Ljava/awt/Graphics;)V+137
j  sun.awt.RepaintArea.paintComponent(Ljava/awt/Component;Ljava/awt/Graphics;)V+6
j  sun.lwawt.LWRepaintArea.paintComponent(Ljava/awt/Component;Ljava/awt/Graphics;)V+29
j  sun.awt.RepaintArea.paint(Ljava/lang/Object;Z)V+326
j  sun.lwawt.LWComponentPeer.handleJavaPaintEvent()V+19
j  sun.lwawt.LWComponentPeer.handleEvent(Ljava/awt/AWTEvent;)V+84
j  java.awt.Component.dispatchEventImpl(Ljava/awt/AWTEvent;)V+877
j  java.awt.Component.dispatchEvent(Ljava/awt/AWTEvent;)V+2
j  java.awt.EventQueue.dispatchEventImpl(Ljava/awt/AWTEvent;Ljava/lang/Object;)V+41
j  java.awt.EventQueue.access$500(Ljava/awt/EventQueue;Ljava/awt/AWTEvent;Ljava/lang/Object;)V+3
j  java.awt.EventQueue$3.run()Ljava/lang/Void;+32
j  java.awt.EventQueue$3.run()Ljava/lang/Object;+1
v  ~StubRoutines::call_stub
j  java.security.AccessController.doPrivileged(Ljava/security/PrivilegedAction;Ljava/security/AccessControlContext;)Ljava/lang/Object;+0
j  java.security.ProtectionDomain$JavaSecurityAccessImpl.doIntersectionPrivilege(Ljava/security/PrivilegedAction;Ljava/security/AccessControlContext;Ljava/security/AccessControlContext;)Ljava/lang/Object;+18
j  java.security.ProtectionDomain$JavaSecurityAccessImpl.doIntersectionPrivilege(Ljava/security/PrivilegedAction;Ljava/security/AccessControlContext;)Ljava/lang/Object;+6
j  java.awt.EventQueue$4.run()Ljava/lang/Void;+11
j  java.awt.EventQueue$4.run()Ljava/lang/Object;+1
v  ~StubRoutines::call_stub
j  java.security.AccessController.doPrivileged(Ljava/security/PrivilegedAction;Ljava/security/AccessControlContext;)Ljava/lang/Object;+0
j  java.security.ProtectionDomain$JavaSecurityAccessImpl.doIntersectionPrivilege(Ljava/security/PrivilegedAction;Ljava/security/AccessControlContext;Ljava/security/AccessControlContext;)Ljava/lang/Object;+18
j  java.awt.EventQueue.dispatchEvent(Ljava/awt/AWTEvent;)V+73
j  java.awt.EventDispatchThread.pumpOneEventForFilters(I)V+245
j  java.awt.EventDispatchThread.pumpEventsForFilter(ILjava/awt/Conditional;Ljava/awt/EventFilter;)V+35
j  java.awt.EventDispatchThread.pumpEventsForHierarchy(ILjava/awt/Conditional;Ljava/awt/Component;)V+11
j  java.awt.EventDispatchThread.pumpEvents(ILjava/awt/Conditional;)V+4
j  java.awt.EventDispatchThread.pumpEvents(Ljava/awt/Conditional;)V+3
j  java.awt.EventDispatchThread.run()V+9
v  ~StubRoutines::call_stub

---------------  P R O C E S S  ---------------

Java Threads: ( => current thread )
  0x00007f8354164800 JavaThread "DestroyJavaVM" [_thread_blocked, id=6659, stack(0x000070000bfae000,0x000070000c0ae000)]
=>0x00007f83540d0000 JavaThread "AWT-EventQueue-0" [_thread_in_native, id=76035, stack(0x000070000d2ed000,0x000070000d3ed000)]
  0x00007f835325f800 JavaThread "Java2D Disposer" daemon [_thread_blocked, id=54035, stack(0x000070000d1ea000,0x000070000d2ea000)]
  0x00007f83531df800 JavaThread "Java2D Queue Flusher" daemon [_thread_blocked, id=51727, stack(0x000070000d0e7000,0x000070000d1e7000)]
  0x00007f835296a000 JavaThread "AWT-Shutdown" [_thread_blocked, id=26927, stack(0x000070000ce5b000,0x000070000cf5b000)]
  0x00007f835390d800 JavaThread "AWT-AppKit" daemon [_thread_blocked, id=775, stack(0x00007ffee0144000,0x00007ffee0944000)]
  0x00007f835404d800 JavaThread "Service Thread" daemon [_thread_blocked, id=18691, stack(0x000070000cbd2000,0x000070000ccd2000)]
  0x00007f8353020000 JavaThread "C1 CompilerThread2" daemon [_thread_blocked, id=14851, stack(0x000070000cacf000,0x000070000cbcf000)]
  0x00007f8353017000 JavaThread "C2 CompilerThread1" daemon [_thread_blocked, id=14339, stack(0x000070000c9cc000,0x000070000cacc000)]
  0x00007f8353003000 JavaThread "C2 CompilerThread0" daemon [_thread_blocked, id=13827, stack(0x000070000c8c9000,0x000070000c9c9000)]
  0x00007f835380a000 JavaThread "Signal Dispatcher" daemon [_thread_blocked, id=18947, stack(0x000070000c7c6000,0x000070000c8c6000)]
  0x00007f8353809800 JavaThread "Finalizer" daemon [_thread_blocked, id=12291, stack(0x000070000c6c3000,0x000070000c7c3000)]
  0x00007f8352803000 JavaThread "Reference Handler" daemon [_thread_blocked, id=11779, stack(0x000070000c5c0000,0x000070000c6c0000)]

Other Threads:
  0x00007f8353014800 VMThread [stack: 0x000070000c4bd000,0x000070000c5bd000] [id=20995]
  0x00007f8354056800 WatcherThread [stack: 0x000070000ccd5000,0x000070000cdd5000] [id=18179]

VM state:not at safepoint (normal execution)

VM Mutex/Monitor currently owned by a thread: None

Heap:
 PSYoungGen      total 38400K, used 24857K [0x0000000795580000, 0x0000000798000000, 0x00000007c0000000)
  eden space 33280K, 74% used [0x0000000795580000,0x0000000796dc6470,0x0000000797600000)
  from space 5120K, 0% used [0x0000000797b00000,0x0000000797b00000,0x0000000798000000)
  to   space 5120K, 0% used [0x0000000797600000,0x0000000797600000,0x0000000797b00000)
 ParOldGen       total 87552K, used 0K [0x0000000740000000, 0x0000000745580000, 0x0000000795580000)
  object space 87552K, 0% used [0x0000000740000000,0x0000000740000000,0x0000000745580000)
 Metaspace       used 14781K, capacity 14972K, committed 15232K, reserved 1062912K
  class space    used 1545K, capacity 1632K, committed 1664K, reserved 1048576K

Card table byte_map: [0x0000000110fc0000,0x00000001113c1000] byte_map_base: 0x000000010d5c0000

Marking Bits: (ParMarkBitMap*) 0x000000010fbe5d30
 Begin Bits: [0x000000011166c000, 0x000000011366c000)
 End Bits:   [0x000000011366c000, 0x000000011566c000)

Polling page: 0x00000001102da000

CodeCache: size=245760Kb used=2820Kb max_used=2820Kb free=242939Kb
 bounds [0x000000011b12d000, 0x000000011b3fd000, 0x000000012a12d000]
 total_blobs=1405 nmethods=630 adapters=689
 compilation: enabled

Compilation events (10 events):
Event: 2.987 Thread 0x00007f8353020000  625       3       sun.util.locale.LocaleUtils::isUpper (18 bytes)
Event: 2.987 Thread 0x00007f8353020000 nmethod 625 0x000000011b3e9f10 code [0x000000011b3ea080, 0x000000011b3ea250]
Event: 2.988 Thread 0x00007f8353020000  627       3       sun.util.locale.LocaleUtils::toLower (17 bytes)
Event: 2.989 Thread 0x00007f8353020000 nmethod 627 0x000000011b3e9a90 code [0x000000011b3e9c00, 0x000000011b3e9e70]
Event: 2.989 Thread 0x00007f8353020000  626       3       sun.awt.AWTAutoShutdown::getInstance (4 bytes)
Event: 2.989 Thread 0x00007f8353020000 nmethod 626 0x000000011b3e9790 code [0x000000011b3e98e0, 0x000000011b3e9a10]
Event: 2.990 Thread 0x00007f8353020000  628       1       java.util.EventObject::getSource (5 bytes)
Event: 2.990 Thread 0x00007f8353020000 nmethod 628 0x000000011b3e94d0 code [0x000000011b3e9620, 0x000000011b3e9730]
Event: 3.005 Thread 0x00007f8353020000  630       3       java.net.URLStreamHandler::toExternalForm (219 bytes)
Event: 3.008 Thread 0x00007f8353020000 nmethod 630 0x000000011b3eb450 code [0x000000011b3eb7c0, 0x000000011b3eeda8]

GC Heap History (0 events):
No events

Deoptimization events (4 events):
Event: 0.855 Thread 0x00007f8353006000 Uncommon trap: reason=unstable_if action=reinterpret pc=0x000000011b2c755c method=java.lang.String.replace(CC)Ljava/lang/String; @ 26
Event: 0.862 Thread 0x00007f8353006000 Uncommon trap: reason=unstable_if action=reinterpret pc=0x000000011b2d0f64 method=java.lang.String.indexOf([CII[CIII)I @ 3
Event: 1.335 Thread 0x00007f8353006000 Uncommon trap: reason=unstable_if action=reinterpret pc=0x000000011b2c4860 method=java.lang.String.startsWith(Ljava/lang/String;I)Z @ 25
Event: 2.542 Thread 0x00007f8353006000 Uncommon trap: reason=unstable_if action=reinterpret pc=0x000000011b3c55c8 method=java.util.HashMap.getNode(ILjava/lang/Object;)Ljava/util/HashMap$Node; @ 116

Internal exceptions (10 events):
Event: 0.172 Thread 0x00007f8353006000 Exception <a 'java/security/PrivilegedActionException'> (0x000000079561c6a8) thrown at [/Users/java_re/workspace/8-2-build-macosx-x86_64/jdk8u121/8372/hotspot/src/share/vm/prims/jvm.cpp, line 1390]
Event: 0.213 Thread 0x00007f8353006000 Exception <a 'java/security/PrivilegedActionException'> (0x000000079577a638) thrown at [/Users/java_re/workspace/8-2-build-macosx-x86_64/jdk8u121/8372/hotspot/src/share/vm/prims/jvm.cpp, line 1390]
Event: 0.213 Thread 0x00007f8353006000 Exception <a 'java/security/PrivilegedActionException'> (0x000000079577a848) thrown at [/Users/java_re/workspace/8-2-build-macosx-x86_64/jdk8u121/8372/hotspot/src/share/vm/prims/jvm.cpp, line 1390]
Event: 0.214 Thread 0x00007f8353006000 Exception <a 'java/security/PrivilegedActionException'> (0x000000079577db78) thrown at [/Users/java_re/workspace/8-2-build-macosx-x86_64/jdk8u121/8372/hotspot/src/share/vm/prims/jvm.cpp, line 1390]
Event: 0.214 Thread 0x00007f8353006000 Exception <a 'java/security/PrivilegedActionException'> (0x000000079577dd88) thrown at [/Users/java_re/workspace/8-2-build-macosx-x86_64/jdk8u121/8372/hotspot/src/share/vm/prims/jvm.cpp, line 1390]
Event: 0.285 Thread 0x00007f8353006000 Exception <a 'java/lang/NoSuchFieldError': method resolution failed> (0x0000000795852b08) thrown at [/Users/java_re/workspace/8-2-build-macosx-x86_64/jdk8u121/8372/hotspot/src/share/vm/prims/methodHandles.cpp, line 1146]
Event: 0.287 Thread 0x00007f8353006000 Exception <a 'java/lang/NoSuchFieldError': method resolution failed> (0x00000007958602d8) thrown at [/Users/java_re/workspace/8-2-build-macosx-x86_64/jdk8u121/8372/hotspot/src/share/vm/prims/methodHandles.cpp, line 1146]
Event: 0.688 Thread 0x00007f8353006000 Exception <a 'java/io/FileNotFoundException'> (0x00000007958dacb8) thrown at [/Users/java_re/workspace/8-2-build-macosx-x86_64/jdk8u121/8372/hotspot/src/share/vm/prims/jni.cpp, line 709]
Event: 0.688 Thread 0x00007f8353006000 Exception <a 'java/io/FileNotFoundException'> (0x00000007958db828) thrown at [/Users/java_re/workspace/8-2-build-macosx-x86_64/jdk8u121/8372/hotspot/src/share/vm/prims/jni.cpp, line 709]
Event: 0.900 Thread 0x00007f8353006000 Exception <a 'java/lang/UnsatisfiedLinkError': com.jogamp.common.util.JarUtil.fixNativeLibAttribs(Ljava/lang/String;)Z> (0x0000000795b9db40) thrown at [/Users/java_re/workspace/8-2-build-macosx-x86_64/jdk8u121/8372/hotspot/src/share/vm/prims/nativeLookup.

Events (10 events):
Event: 3.015 loading class com/jogamp/opengl/FBObject$DetachAction
Event: 3.015 loading class com/jogamp/opengl/FBObject$DetachAction done
Event: 3.021 loading class com/jogamp/opengl/util/GLBuffers
Event: 3.021 loading class com/jogamp/opengl/util/GLBuffers done
Event: 3.039 loading class jogamp/opengl/macosx/cgl/MacOSXCGLContext$NSOpenGLImpl$1
Event: 3.039 loading class jogamp/opengl/macosx/cgl/MacOSXCGLContext$NSOpenGLImpl$1 done
Event: 3.039 loading class jogamp/opengl/macosx/cgl/MacOSXCGLContext$NSOpenGLImpl$AttachGLLayerCmd
Event: 3.039 loading class jogamp/opengl/macosx/cgl/MacOSXCGLContext$NSOpenGLImpl$AttachGLLayerCmd done
Event: 3.042 loading class com/jogamp/opengl/util/glsl/ShaderProgram
Event: 3.042 loading class com/jogamp/opengl/util/glsl/ShaderProgram done


Dynamic libraries:
0x000000001bee6000 	/System/Library/Frameworks/Cocoa.framework/Versions/A/Cocoa
0x000000001bee6000 	/System/Library/Frameworks/Security.framework/Versions/A/Security
0x000000001bee6000 	/System/Library/Frameworks/ApplicationServices.framework/Versions/A/ApplicationServices
0x000000001bee6000 	/usr/lib/libz.1.dylib
0x000000001bee6000 	/usr/lib/libSystem.B.dylib
0x000000001bee6000 	/usr/lib/libobjc.A.dylib
0x000000001bee6000 	/System/Library/Frameworks/CoreFoundation.framework/Versions/A/CoreFoundation
0x000000001bee6000 	/System/Library/Frameworks/Foundation.framework/Versions/C/Foundation
0x000000001bee6000 	/System/Library/Frameworks/AppKit.framework/Versions/C/AppKit
0x000000001bee6000 	/System/Library/Frameworks/CoreData.framework/Versions/A/CoreData
0x000000001bee6000 	/System/Library/PrivateFrameworks/RemoteViewServices.framework/Versions/A/RemoteViewServices
0x000000001bee6000 	/System/Library/PrivateFrameworks/UIFoundation.framework/Versions/A/UIFoundation
0x000000001bee6000 	/System/Library/PrivateFrameworks/XCTTargetBootstrap.framework/Versions/A/XCTTargetBootstrap
0x000000001bee6000 	/System/Library/Frameworks/CoreDisplay.framework/Versions/A/CoreDisplay
0x000000001bee6000 	/System/Library/PrivateFrameworks/IconServices.framework/Versions/A/IconServices
0x000000001bee6000 	/System/Library/Frameworks/Metal.framework/Versions/A/Metal
0x000000001bee6000 	/System/Library/PrivateFrameworks/DesktopServicesPriv.framework/Versions/A/DesktopServicesPriv
0x000000001bee6000 	/usr/lib/libenergytrace.dylib
0x000000001bee6000 	/System/Library/PrivateFrameworks/SkyLight.framework/Versions/A/SkyLight
0x000000001bee6000 	/System/Library/Frameworks/CoreGraphics.framework/Versions/A/CoreGraphics
0x000000001bee6000 	/System/Library/Frameworks/Accelerate.framework/Versions/A/Accelerate
0x000000001bee6000 	/System/Library/Frameworks/IOSurface.framework/Versions/A/IOSurface
0x000000001bee6000 	/System/Library/PrivateFrameworks/DFRFoundation.framework/Versions/A/DFRFoundation
0x000000001bee6000 	/System/Library/Frameworks/AudioToolbox.framework/Versions/A/AudioToolbox
0x000000001bee6000 	/System/Library/Frameworks/AudioUnit.framework/Versions/A/AudioUnit
0x000000001bee6000 	/System/Library/PrivateFrameworks/DataDetectorsCore.framework/Versions/A/DataDetectorsCore
0x000000001bee6000 	/System/Library/Frameworks/Carbon.framework/Versions/A/Frameworks/HIToolbox.framework/Versions/A/HIToolbox
0x000000001bee6000 	/usr/lib/libicucore.A.dylib
0x000000001bee6000 	/System/Library/Frameworks/QuartzCore.framework/Versions/A/QuartzCore
0x000000001bee6000 	/System/Library/Frameworks/Carbon.framework/Versions/A/Frameworks/SpeechRecognition.framework/Versions/A/SpeechRecognition
0x000000001bee6000 	/usr/lib/libauto.dylib
0x000000001bee6000 	/usr/lib/libxml2.2.dylib
0x000000001bee6000 	/System/Library/PrivateFrameworks/CoreUI.framework/Versions/A/CoreUI
0x000000001bee6000 	/System/Library/Frameworks/CoreAudio.framework/Versions/A/CoreAudio
0x000000001bee6000 	/System/Library/Frameworks/DiskArbitration.framework/Versions/A/DiskArbitration
0x000000001bee6000 	/usr/lib/liblangid.dylib
0x000000001bee6000 	/System/Library/PrivateFrameworks/MultitouchSupport.framework/Versions/A/MultitouchSupport
0x000000001bee6000 	/System/Library/Frameworks/IOKit.framework/Versions/A/IOKit
0x000000001bee6000 	/usr/lib/libDiagnosticMessagesClient.dylib
0x000000001bee6000 	/System/Library/Frameworks/CoreServices.framework/Versions/A/CoreServices
0x000000001bee6000 	/System/Library/PrivateFrameworks/PerformanceAnalysis.framework/Versions/A/PerformanceAnalysis
0x000000001bee6000 	/System/Library/Frameworks/OpenGL.framework/Versions/A/OpenGL
0x000000001bee6000 	/System/Library/Frameworks/ColorSync.framework/Versions/A/ColorSync
0x000000001bee6000 	/System/Library/Frameworks/CoreImage.framework/Versions/A/CoreImage
0x000000001bee6000 	/System/Library/Frameworks/CoreText.framework/Versions/A/CoreText
0x000000001bee6000 	/System/Library/Frameworks/ImageIO.framework/Versions/A/ImageIO
0x000000001bee6000 	/System/Library/PrivateFrameworks/Backup.framework/Versions/A/Backup
0x000000001bee6000 	/usr/lib/libarchive.2.dylib
0x000000001bee6000 	/System/Library/Frameworks/CFNetwork.framework/Versions/A/CFNetwork
0x000000001bee6000 	/System/Library/Frameworks/SystemConfiguration.framework/Versions/A/SystemConfiguration
0x000000001bee6000 	/usr/lib/libCRFSuite.dylib
0x000000001bee6000 	/usr/lib/libc++.1.dylib
0x000000001bee6000 	/usr/lib/libc++abi.dylib
0x000000001bee6000 	/usr/lib/system/libcache.dylib
0x000000001bee6000 	/usr/lib/system/libcommonCrypto.dylib
0x000000001bee6000 	/usr/lib/system/libcompiler_rt.dylib
0x000000001bee6000 	/usr/lib/system/libcopyfile.dylib
0x000000001bee6000 	/usr/lib/system/libcorecrypto.dylib
0x000000001bee6000 	/usr/lib/system/libdispatch.dylib
0x000000001bee6000 	/usr/lib/system/libdyld.dylib
0x000000001bee6000 	/usr/lib/system/libkeymgr.dylib
0x000000001bee6000 	/usr/lib/system/liblaunch.dylib
0x000000001bee6000 	/usr/lib/system/libmacho.dylib
0x000000001bee6000 	/usr/lib/system/libquarantine.dylib
0x000000001bee6000 	/usr/lib/system/libremovefile.dylib
0x000000001bee6000 	/usr/lib/system/libsystem_asl.dylib
0x000000001bee6000 	/usr/lib/system/libsystem_blocks.dylib
0x000000001bee6000 	/usr/lib/system/libsystem_c.dylib
0x000000001bee6000 	/usr/lib/system/libsystem_configuration.dylib
0x000000001bee6000 	/usr/lib/system/libsystem_coreservices.dylib
0x000000001bee6000 	/usr/lib/system/libsystem_darwin.dylib
0x000000001bee6000 	/usr/lib/system/libsystem_dnssd.dylib
0x000000001bee6000 	/usr/lib/system/libsystem_info.dylib
0x000000001bee6000 	/usr/lib/system/libsystem_m.dylib
0x000000001bee6000 	/usr/lib/system/libsystem_malloc.dylib
0x000000001bee6000 	/usr/lib/system/libsystem_networkextension.dylib
0x000000001bee6000 	/usr/lib/system/libsystem_notify.dylib
0x000000001bee6000 	/usr/lib/system/libsystem_sandbox.dylib
0x000000001bee6000 	/usr/lib/system/libsystem_secinit.dylib
0x000000001bee6000 	/usr/lib/system/libsystem_kernel.dylib
0x000000001bee6000 	/usr/lib/system/libsystem_platform.dylib
0x000000001bee6000 	/usr/lib/system/libsystem_pthread.dylib
0x000000001bee6000 	/usr/lib/system/libsystem_symptoms.dylib
0x000000001bee6000 	/usr/lib/system/libsystem_trace.dylib
0x000000001bee6000 	/usr/lib/system/libunwind.dylib
0x000000001bee6000 	/usr/lib/system/libxpc.dylib
0x000000001bee6000 	/usr/lib/libbsm.0.dylib
0x000000001bee6000 	/usr/lib/system/libkxld.dylib
0x000000001bee6000 	/System/Library/PrivateFrameworks/AppleFSCompression.framework/Versions/A/AppleFSCompression
0x000000001bee6000 	/usr/lib/libOpenScriptingUtil.dylib
0x000000001bee6000 	/usr/lib/libcoretls.dylib
0x000000001bee6000 	/usr/lib/libcoretls_cfhelpers.dylib
0x000000001bee6000 	/usr/lib/libpam.2.dylib
0x000000001bee6000 	/usr/lib/libsqlite3.dylib
0x000000001bee6000 	/usr/lib/libxar.1.dylib
0x000000001bee6000 	/usr/lib/libbz2.1.0.dylib
0x000000001bee6000 	/usr/lib/liblzma.5.dylib
0x000000001bee6000 	/usr/lib/libnetwork.dylib
0x000000001bee6000 	/usr/lib/libapple_nghttp2.dylib
0x000000001bee6000 	/usr/lib/libpcap.A.dylib
0x000000001bee6000 	/System/Library/Frameworks/CoreServices.framework/Versions/A/Frameworks/FSEvents.framework/Versions/A/FSEvents
0x000000001bee6000 	/System/Library/Frameworks/CoreServices.framework/Versions/A/Frameworks/CarbonCore.framework/Versions/A/CarbonCore
0x000000001bee6000 	/System/Library/Frameworks/CoreServices.framework/Versions/A/Frameworks/Metadata.framework/Versions/A/Metadata
0x000000001bee6000 	/System/Library/Frameworks/CoreServices.framework/Versions/A/Frameworks/OSServices.framework/Versions/A/OSServices
0x000000001bee6000 	/System/Library/Frameworks/CoreServices.framework/Versions/A/Frameworks/SearchKit.framework/Versions/A/SearchKit
0x000000001bee6000 	/System/Library/Frameworks/CoreServices.framework/Versions/A/Frameworks/AE.framework/Versions/A/AE
0x000000001bee6000 	/System/Library/Frameworks/CoreServices.framework/Versions/A/Frameworks/LaunchServices.framework/Versions/A/LaunchServices
0x000000001bee6000 	/System/Library/Frameworks/CoreServices.framework/Versions/A/Frameworks/DictionaryServices.framework/Versions/A/DictionaryServices
0x000000001bee6000 	/System/Library/Frameworks/CoreServices.framework/Versions/A/Frameworks/SharedFileList.framework/Versions/A/SharedFileList
0x000000001bee6000 	/System/Library/Frameworks/NetFS.framework/Versions/A/NetFS
0x000000001bee6000 	/System/Library/PrivateFrameworks/NetAuth.framework/Versions/A/NetAuth
0x000000001bee6000 	/System/Library/PrivateFrameworks/login.framework/Versions/A/Frameworks/loginsupport.framework/Versions/A/loginsupport
0x000000001bee6000 	/System/Library/PrivateFrameworks/TCC.framework/Versions/A/TCC
0x000000001bee6000 	/System/Library/PrivateFrameworks/CoreNLP.framework/Versions/A/CoreNLP
0x000000001bee6000 	/System/Library/PrivateFrameworks/MetadataUtilities.framework/Versions/A/MetadataUtilities
0x000000001bee6000 	/usr/lib/libmecabra.dylib
0x000000001bee6000 	/System/Library/Frameworks/ApplicationServices.framework/Versions/A/Frameworks/ATS.framework/Versions/A/ATS
0x000000001bee6000 	/System/Library/Frameworks/ApplicationServices.framework/Versions/A/Frameworks/ColorSyncLegacy.framework/Versions/A/ColorSyncLegacy
0x000000001bee6000 	/System/Library/Frameworks/ApplicationServices.framework/Versions/A/Frameworks/HIServices.framework/Versions/A/HIServices
0x000000001bee6000 	/System/Library/Frameworks/ApplicationServices.framework/Versions/A/Frameworks/LangAnalysis.framework/Versions/A/LangAnalysis
0x000000001bee6000 	/System/Library/Frameworks/ApplicationServices.framework/Versions/A/Frameworks/PrintCore.framework/Versions/A/PrintCore
0x000000001bee6000 	/System/Library/Frameworks/ApplicationServices.framework/Versions/A/Frameworks/QD.framework/Versions/A/QD
0x000000001bee6000 	/System/Library/Frameworks/ApplicationServices.framework/Versions/A/Frameworks/SpeechSynthesis.framework/Versions/A/SpeechSynthesis
0x000000001bee6000 	/usr/lib/libcompression.dylib
0x000000001bee6000 	/System/Library/Frameworks/MetalPerformanceShaders.framework/Versions/A/MetalPerformanceShaders
0x000000001bee6000 	/System/Library/Frameworks/Accelerate.framework/Versions/A/Frameworks/vImage.framework/Versions/A/vImage
0x000000001bee6000 	/System/Library/Frameworks/Accelerate.framework/Versions/A/Frameworks/vecLib.framework/Versions/A/vecLib
0x000000001bee6000 	/System/Library/Frameworks/Accelerate.framework/Versions/A/Frameworks/vecLib.framework/Versions/A/libvMisc.dylib
0x000000001bee6000 	/System/Library/Frameworks/Accelerate.framework/Versions/A/Frameworks/vecLib.framework/Versions/A/libvDSP.dylib
0x000000001bee6000 	/System/Library/Frameworks/Accelerate.framework/Versions/A/Frameworks/vecLib.framework/Versions/A/libBLAS.dylib
0x000000001bee6000 	/System/Library/Frameworks/Accelerate.framework/Versions/A/Frameworks/vecLib.framework/Versions/A/libLAPACK.dylib
0x000000001bee6000 	/System/Library/Frameworks/Accelerate.framework/Versions/A/Frameworks/vecLib.framework/Versions/A/libLinearAlgebra.dylib
0x000000001bee6000 	/System/Library/Frameworks/Accelerate.framework/Versions/A/Frameworks/vecLib.framework/Versions/A/libSparseBLAS.dylib
0x000000001bee6000 	/System/Library/Frameworks/Accelerate.framework/Versions/A/Frameworks/vecLib.framework/Versions/A/libQuadrature.dylib
0x000000001bee6000 	/System/Library/Frameworks/Accelerate.framework/Versions/A/Frameworks/vecLib.framework/Versions/A/libBNNS.dylib
0x000000001bee6000 	/System/Library/Frameworks/Accelerate.framework/Versions/A/Frameworks/vecLib.framework/Versions/A/libSparse.dylib
0x000000001bee6000 	/System/Library/PrivateFrameworks/GPUWrangler.framework/Versions/A/GPUWrangler
0x000000001bee6000 	/System/Library/PrivateFrameworks/IOAccelerator.framework/Versions/A/IOAccelerator
0x000000001bee6000 	/System/Library/PrivateFrameworks/IOPresentment.framework/Versions/A/IOPresentment
0x000000001bee6000 	/System/Library/PrivateFrameworks/DSExternalDisplay.framework/Versions/A/DSExternalDisplay
0x000000001bee6000 	/System/Library/Frameworks/OpenGL.framework/Versions/A/Libraries/libCoreFSCache.dylib
0x000000001bee6000 	/System/Library/Frameworks/MetalPerformanceShaders.framework/Frameworks/MPSCore.framework/Versions/A/MPSCore
0x000000001bee6000 	/System/Library/Frameworks/MetalPerformanceShaders.framework/Frameworks/MPSImage.framework/Versions/A/MPSImage
0x000000001bee6000 	/System/Library/Frameworks/MetalPerformanceShaders.framework/Frameworks/MPSNeuralNetwork.framework/Versions/A/MPSNeuralNetwork
0x000000001bee6000 	/System/Library/Frameworks/MetalPerformanceShaders.framework/Frameworks/MPSMatrix.framework/Versions/A/MPSMatrix
0x000000001bee6000 	/System/Library/Frameworks/MetalPerformanceShaders.framework/Frameworks/MPSRayIntersector.framework/Versions/A/MPSRayIntersector
0x000000001bee6000 	/System/Library/PrivateFrameworks/MetalTools.framework/Versions/A/MetalTools
0x000000001bee6000 	/System/Library/PrivateFrameworks/AggregateDictionary.framework/Versions/A/AggregateDictionary
0x000000001bee6000 	/usr/lib/libMobileGestalt.dylib
0x000000001bee6000 	/System/Library/Frameworks/CoreVideo.framework/Versions/A/CoreVideo
0x000000001bee6000 	/System/Library/PrivateFrameworks/GraphVisualizer.framework/Versions/A/GraphVisualizer
0x000000001bee6000 	/System/Library/PrivateFrameworks/FaceCore.framework/Versions/A/FaceCore
0x000000001bee6000 	/System/Library/Frameworks/OpenCL.framework/Versions/A/OpenCL
0x000000001bee6000 	/usr/lib/libFosl_dynamic.dylib
0x000000001bee6000 	/System/Library/PrivateFrameworks/OTSVG.framework/Versions/A/OTSVG
0x000000001bee6000 	/System/Library/Frameworks/ApplicationServices.framework/Versions/A/Frameworks/ATS.framework/Versions/A/Resources/libFontParser.dylib
0x000000001bee6000 	/System/Library/Frameworks/ApplicationServices.framework/Versions/A/Frameworks/ATS.framework/Versions/A/Resources/libFontRegistry.dylib
0x000000001bee6000 	/System/Library/Frameworks/ImageIO.framework/Versions/A/Resources/libJPEG.dylib
0x000000001bee6000 	/System/Library/Frameworks/ImageIO.framework/Versions/A/Resources/libTIFF.dylib
0x000000001bee6000 	/System/Library/Frameworks/ImageIO.framework/Versions/A/Resources/libPng.dylib
0x000000001bee6000 	/System/Library/Frameworks/ImageIO.framework/Versions/A/Resources/libGIF.dylib
0x000000001bee6000 	/System/Library/Frameworks/ImageIO.framework/Versions/A/Resources/libJP2.dylib
0x000000001bee6000 	/System/Library/Frameworks/ImageIO.framework/Versions/A/Resources/libRadiance.dylib
0x000000001bee6000 	/System/Library/PrivateFrameworks/AppleJPEG.framework/Versions/A/AppleJPEG
0x000000001bee6000 	/System/Library/Frameworks/OpenGL.framework/Versions/A/Libraries/libGFXShared.dylib
0x000000001bee6000 	/System/Library/Frameworks/OpenGL.framework/Versions/A/Libraries/libGLU.dylib
0x000000001bee6000 	/System/Library/Frameworks/OpenGL.framework/Versions/A/Libraries/libGL.dylib
0x000000001bee6000 	/System/Library/Frameworks/OpenGL.framework/Versions/A/Libraries/libGLImage.dylib
0x000000001bee6000 	/System/Library/Frameworks/OpenGL.framework/Versions/A/Libraries/libCVMSPluginSupport.dylib
0x000000001bee6000 	/System/Library/Frameworks/OpenGL.framework/Versions/A/Libraries/libCoreVMClient.dylib
0x000000001bee6000 	/usr/lib/libcups.2.dylib
0x000000001bee6000 	/System/Library/Frameworks/Kerberos.framework/Versions/A/Kerberos
0x000000001bee6000 	/System/Library/Frameworks/GSS.framework/Versions/A/GSS
0x000000001bee6000 	/usr/lib/libresolv.9.dylib
0x000000001bee6000 	/usr/lib/libiconv.2.dylib
0x000000001bee6000 	/System/Library/PrivateFrameworks/Heimdal.framework/Versions/A/Heimdal
0x000000001bee6000 	/usr/lib/libheimdal-asn1.dylib
0x000000001bee6000 	/System/Library/Frameworks/OpenDirectory.framework/Versions/A/OpenDirectory
0x000000001bee6000 	/System/Library/PrivateFrameworks/CommonAuth.framework/Versions/A/CommonAuth
0x000000001bee6000 	/System/Library/Frameworks/OpenDirectory.framework/Versions/A/Frameworks/CFOpenDirectory.framework/Versions/A/CFOpenDirectory
0x000000001bee6000 	/System/Library/Frameworks/SecurityFoundation.framework/Versions/A/SecurityFoundation
0x000000001bee6000 	/System/Library/PrivateFrameworks/APFS.framework/Versions/A/APFS
0x000000001bee6000 	/usr/lib/libutil.dylib
0x000000001bee6000 	/usr/lib/libcharset.1.dylib
0x000000001bee6000 	/System/Library/PrivateFrameworks/AppleSauce.framework/Versions/A/AppleSauce
0x000000001bee6000 	/System/Library/PrivateFrameworks/AssertionServices.framework/Versions/A/AssertionServices
0x000000001bee6000 	/System/Library/PrivateFrameworks/BaseBoard.framework/Versions/A/BaseBoard
0x000000001bee6000 	/usr/lib/libmecab.1.0.0.dylib
0x000000001bee6000 	/usr/lib/libgermantok.dylib
0x000000001bee6000 	/usr/lib/libThaiTokenizer.dylib
0x000000001bee6000 	/usr/lib/libChineseTokenizer.dylib
0x000000001bee6000 	/System/Library/PrivateFrameworks/LanguageModeling.framework/Versions/A/LanguageModeling
0x000000001bee6000 	/System/Library/PrivateFrameworks/CoreEmoji.framework/Versions/A/CoreEmoji
0x000000001bee6000 	/System/Library/PrivateFrameworks/Lexicon.framework/Versions/A/Lexicon
0x000000001bee6000 	/System/Library/PrivateFrameworks/LinguisticData.framework/Versions/A/LinguisticData
0x000000001bee6000 	/usr/lib/libcmph.dylib
0x000000001bee6000 	/System/Library/Frameworks/ServiceManagement.framework/Versions/A/ServiceManagement
0x000000001bee6000 	/System/Library/PrivateFrameworks/BackgroundTaskManagement.framework/Versions/A/BackgroundTaskManagement
0x000000001bee6000 	/usr/lib/libxslt.1.dylib
0x000000001bee6000 	/System/Library/Frameworks/Carbon.framework/Versions/A/Frameworks/Ink.framework/Versions/A/Ink
0x000000001bee6000 	/System/Library/PrivateFrameworks/TextureIO.framework/Versions/A/TextureIO
0x000000001bee6000 	/usr/lib/libate.dylib
0x000000001bee6000 	/System/Library/PrivateFrameworks/CrashReporterSupport.framework/Versions/A/CrashReporterSupport
0x000000001bee6000 	/System/Library/PrivateFrameworks/Sharing.framework/Versions/A/Sharing
0x000000001bee6000 	/System/Library/PrivateFrameworks/AuthKit.framework/Versions/A/AuthKit
0x000000001bee6000 	/System/Library/PrivateFrameworks/Apple80211.framework/Versions/A/Apple80211
0x000000001bee6000 	/System/Library/PrivateFrameworks/CoreUtils.framework/Versions/A/CoreUtils
0x000000001bee6000 	/System/Library/Frameworks/CoreWLAN.framework/Versions/A/CoreWLAN
0x000000001bee6000 	/System/Library/Frameworks/IOBluetooth.framework/Versions/A/IOBluetooth
0x000000001bee6000 	/System/Library/PrivateFrameworks/ProtocolBuffer.framework/Versions/A/ProtocolBuffer
0x000000001bee6000 	/System/Library/PrivateFrameworks/MobileKeyBag.framework/Versions/A/MobileKeyBag
0x000000001bee6000 	/System/Library/PrivateFrameworks/CorePhoneNumbers.framework/Versions/A/CorePhoneNumbers
0x000000001bee6000 	/System/Library/PrivateFrameworks/AppleIDAuthSupport.framework/Versions/A/AppleIDAuthSupport
0x000000001bee6000 	/System/Library/PrivateFrameworks/KeychainCircle.framework/Versions/A/KeychainCircle
0x000000001bee6000 	/System/Library/PrivateFrameworks/ROCKit.framework/Versions/A/ROCKit
0x000000001bee6000 	/System/Library/PrivateFrameworks/CoreWiFi.framework/Versions/A/CoreWiFi
0x000000001bee6000 	/System/Library/Frameworks/CoreBluetooth.framework/Versions/A/CoreBluetooth
0x000000001bee6000 	/System/Library/PrivateFrameworks/DebugSymbols.framework/Versions/A/DebugSymbols
0x000000001bee6000 	/System/Library/PrivateFrameworks/CoreSymbolication.framework/Versions/A/CoreSymbolication
0x000000001bee6000 	/System/Library/PrivateFrameworks/Symbolication.framework/Versions/A/Symbolication
0x000000001bee6000 	/System/Library/PrivateFrameworks/SpeechRecognitionCore.framework/Versions/A/SpeechRecognitionCore
0x000000001bee6000 	/System/Library/CoreServices/Encodings/libCyrillicConverter.dylib
0x000000010f2f5000 	/Library/Java/JavaVirtualMachines/jdk1.8.0_121.jdk/Contents/Home/jre/lib/server/libjvm.dylib
0x000000001bee6000 	/usr/lib/libstdc++.6.dylib
0x0000000110297000 	/Library/Java/JavaVirtualMachines/jdk1.8.0_121.jdk/Contents/Home/jre/lib/libverify.dylib
0x00000001102a5000 	/Library/Java/JavaVirtualMachines/jdk1.8.0_121.jdk/Contents/Home/jre/lib/libjava.dylib
0x0000000110324000 	/Library/Java/JavaVirtualMachines/jdk1.8.0_121.jdk/Contents/Home/jre/lib/libzip.dylib
0x000000001bee6000 	/System/Library/Frameworks/JavaVM.framework/Versions/A/Frameworks/JavaRuntimeSupport.framework/Versions/A/JavaRuntimeSupport
0x000000001bee6000 	/System/Library/Frameworks/JavaVM.framework/Versions/A/Frameworks/JavaNativeFoundation.framework/Versions/A/JavaNativeFoundation
0x000000001bee6000 	/System/Library/Frameworks/JavaVM.framework/Versions/A/JavaVM
0x000000001bee6000 	/System/Library/Frameworks/Carbon.framework/Versions/A/Carbon
0x000000001bee6000 	/System/Library/PrivateFrameworks/JavaLaunching.framework/Versions/A/JavaLaunching
0x000000001bee6000 	/System/Library/Frameworks/Carbon.framework/Versions/A/Frameworks/CommonPanels.framework/Versions/A/CommonPanels
0x000000001bee6000 	/System/Library/Frameworks/Carbon.framework/Versions/A/Frameworks/Help.framework/Versions/A/Help
0x000000001bee6000 	/System/Library/Frameworks/Carbon.framework/Versions/A/Frameworks/ImageCapture.framework/Versions/A/ImageCapture
0x000000001bee6000 	/System/Library/Frameworks/Carbon.framework/Versions/A/Frameworks/OpenScripting.framework/Versions/A/OpenScripting
0x000000001bee6000 	/System/Library/Frameworks/Carbon.framework/Versions/A/Frameworks/Print.framework/Versions/A/Print
0x000000001bee6000 	/System/Library/Frameworks/Carbon.framework/Versions/A/Frameworks/SecurityHI.framework/Versions/A/SecurityHI
0x0000000118f29000 	/Library/Java/JavaVirtualMachines/jdk1.8.0_121.jdk/Contents/Home/jre/lib/libawt.dylib
0x0000000118fd1000 	/Library/Java/JavaVirtualMachines/jdk1.8.0_121.jdk/Contents/Home/jre/lib/./libmlib_image.dylib
0x000000011909d000 	/Library/Java/JavaVirtualMachines/jdk1.8.0_121.jdk/Contents/Home/jre/lib/libawt_lwawt.dylib
0x0000000119154000 	/Library/Java/JavaVirtualMachines/jdk1.8.0_121.jdk/Contents/Home/jre/lib/./libosxapp.dylib
0x000000001bee6000 	/System/Library/Frameworks/ExceptionHandling.framework/Versions/A/ExceptionHandling
0x000000001bee6000 	/System/Library/PrivateFrameworks/CoreServicesInternal.framework/Versions/A/CoreServicesInternal
0x000000001bee6000 	/System/Library/CoreServices/RawCamera.bundle/Contents/MacOS/RawCamera
0x000000001bee6000 	/System/Library/PrivateFrameworks/MobileAsset.framework/Versions/A/MobileAsset
0x000000001bee6000 	/System/Library/PrivateFrameworks/StreamingZip.framework/Versions/A/StreamingZip
0x000000001bee6000 	/System/Library/Frameworks/MediaToolbox.framework/Versions/A/MediaToolbox
0x000000001bee6000 	/System/Library/PrivateFrameworks/CoreAVCHD.framework/Versions/A/CoreAVCHD
0x000000001bee6000 	/System/Library/Frameworks/MediaAccessibility.framework/Versions/A/MediaAccessibility
0x000000001bee6000 	/System/Library/PrivateFrameworks/Mangrove.framework/Versions/A/Mangrove
0x000000001bee6000 	/System/Library/Frameworks/CoreMedia.framework/Versions/A/CoreMedia
0x000000001bee6000 	/System/Library/Frameworks/VideoToolbox.framework/Versions/A/VideoToolbox
0x000000001bee6000 	/System/Library/PrivateFrameworks/CoreAUC.framework/Versions/A/CoreAUC
0x000000001bee6000 	/usr/lib/libspindump.dylib
0x000000001bee6000 	/System/Library/PrivateFrameworks/AppleVA.framework/Versions/A/AppleVA
0x000000001bee6000 	/System/Library/Frameworks/Accelerate.framework/Versions/A/Frameworks/vImage.framework/Versions/A/Libraries/libCGInterfaces.dylib
0x000000001bee6000 	/System/Library/Frameworks/ApplicationServices.framework/Versions/A/Frameworks/ATS.framework/Versions/A/Resources/libTrueTypeScaler.dylib
0x000000001bee6000 	/System/Library/Extensions/AppleIntelHD5000GraphicsMTLDriver.bundle/Contents/MacOS/AppleIntelHD5000GraphicsMTLDriver
0x000000001bee6000 	/System/Library/PrivateFrameworks/GPUCompiler.framework/Versions/3902/Libraries/libmetal_timestamp.dylib
0x000000001bee6000 	/System/Library/PrivateFrameworks/FamilyControls.framework/Versions/A/FamilyControls
0x000000001bee6000 	/System/Library/PrivateFrameworks/CommerceKit.framework/Versions/A/Frameworks/CommerceCore.framework/Versions/A/CommerceCore
0x000000001bee6000 	/System/Library/PrivateFrameworks/SystemAdministration.framework/Versions/A/SystemAdministration
0x000000001bee6000 	/System/Library/PrivateFrameworks/AppContainer.framework/Versions/A/AppContainer
0x000000001bee6000 	/System/Library/PrivateFrameworks/AppSandbox.framework/Versions/A/AppSandbox
0x000000001bee6000 	/System/Library/PrivateFrameworks/SecCodeWrapper.framework/Versions/A/SecCodeWrapper
0x000000001bee6000 	/usr/lib/libsandbox.1.dylib
0x000000001bee6000 	/usr/lib/libMatch.1.dylib
0x000000001bee6000 	/System/Library/PrivateFrameworks/DiskManagement.framework/Versions/A/DiskManagement
0x000000001bee6000 	/System/Library/Frameworks/DirectoryService.framework/Versions/A/DirectoryService
0x000000001bee6000 	/System/Library/PrivateFrameworks/DiskImages.framework/Versions/A/DiskImages
0x000000001bee6000 	/System/Library/PrivateFrameworks/LoginUIKit.framework/Versions/A/Frameworks/LoginUICore.framework/Versions/A/LoginUICore
0x000000001bee6000 	/usr/lib/libCoreStorage.dylib
0x000000001bee6000 	/usr/lib/libcsfde.dylib
0x000000001bee6000 	/usr/lib/libodfde.dylib
0x000000001bee6000 	/System/Library/PrivateFrameworks/MediaKit.framework/Versions/A/MediaKit
0x000000001bee6000 	/System/Library/Frameworks/DiscRecording.framework/Versions/A/DiscRecording
0x000000001bee6000 	/System/Library/PrivateFrameworks/EFILogin.framework/Versions/A/EFILogin
0x000000001bee6000 	/System/Library/PrivateFrameworks/ProtectedCloudStorage.framework/Versions/A/ProtectedCloudStorage
0x000000001bee6000 	/usr/lib/libcurl.4.dylib
0x000000001bee6000 	/usr/lib/libcrypto.42.dylib
0x000000001bee6000 	/usr/lib/libssl.44.dylib
0x000000001bee6000 	/System/Library/Frameworks/LDAP.framework/Versions/A/LDAP
0x000000001bee6000 	/System/Library/PrivateFrameworks/TrustEvaluationAgent.framework/Versions/A/TrustEvaluationAgent
0x000000001bee6000 	/usr/lib/libsasl2.2.dylib
0x000000001bee6000 	/System/Library/PrivateFrameworks/CoreDaemon.framework/Versions/B/CoreDaemon
0x000000001bee6000 	/System/Library/PrivateFrameworks/AppleSRP.framework/Versions/A/AppleSRP
0x000000001bee6000 	/System/Library/PrivateFrameworks/ViewBridge.framework/Versions/A/ViewBridge
0x000000012aecd000 	/Library/Java/JavaVirtualMachines/jdk1.8.0_121.jdk/Contents/Home/jre/lib/libnet.dylib
0x000000012aee4000 	/Library/Java/JavaVirtualMachines/jdk1.8.0_121.jdk/Contents/Home/jre/lib/libnio.dylib
0x000000012aef4000 	/private/var/folders/8y/1c5n10gd0pg95mwl4rk8ytc40000gn/T/jogamp_0000/file_cache/jln8856222697963047357/jln895934149679179654/natives/macosx-universal/libgluegen-rt.jnilib
0x000000012aef8000 	/Library/Java/JavaVirtualMachines/jdk1.8.0_121.jdk/Contents/Home/jre/lib/libfontmanager.dylib
0x000000012af5f000 	/private/var/folders/8y/1c5n10gd0pg95mwl4rk8ytc40000gn/T/jogamp_0000/file_cache/jln8856222697963047357/jln895934149679179654/natives/macosx-universal/libnativewindow_awt.jnilib
0x000000012af62000 	/Library/Java/JavaVirtualMachines/jdk1.8.0_121.jdk/Contents/Home/jre/lib/libjawt.dylib
0x000000001bee6000 	/System/Library/Frameworks/OpenGL.framework/Versions/A/Resources/GLEngine.bundle/GLEngine
0x000000001bee6000 	/System/Library/Frameworks/OpenGL.framework/Versions/A/Libraries/libGLProgrammability.dylib
0x000000001bee6000 	/System/Library/Extensions/AppleIntelHD5000GraphicsGLDriver.bundle/Contents/MacOS/AppleIntelHD5000GraphicsGLDriver
0x000000001bee6000 	/System/Library/PrivateFrameworks/GPUSupport.framework/Versions/A/Libraries/libGPUSupportMercury.dylib
0x000000001bee6000 	/System/Library/Frameworks/OpenGL.framework/Versions/A/Resources/GLRendererFloat.bundle/GLRendererFloat
0x000000001bee6000 	/System/Library/Frameworks/OpenCL.framework/Versions/A/Libraries/libcldcpuengine.dylib
0x000000001bee6000 	/usr/lib/libcrypto.35.dylib
0x000000012b894000 	/private/var/folders/8y/1c5n10gd0pg95mwl4rk8ytc40000gn/T/jogamp_0000/file_cache/jln8856222697963047357/jln895934149679179654/natives/macosx-universal/libnativewindow_macosx.jnilib
0x000000012bdcb000 	/private/var/folders/8y/1c5n10gd0pg95mwl4rk8ytc40000gn/T/jogamp_0000/file_cache/jln8856222697963047357/jln895934149679179654/natives/macosx-universal/libjogl_desktop.jnilib
0x000000012be9f000 	/private/var/folders/8y/1c5n10gd0pg95mwl4rk8ytc40000gn/T/jogamp_0000/file_cache/jln8856222697963047357/jln895934149679179654/natives/macosx-universal/libjogl_mobile.jnilib
0x000000011aca6000 	/Library/Java/JavaVirtualMachines/jdk1.8.0_121.jdk/Contents/Home/jre/lib/libosxui.dylib
0x0000000118ea9000 	/usr/lib/libobjc-trampolines.dylib

VM Arguments:
jvm_args: -Dfile.encoding=UTF-8 
java_command: Line
java_class_path (initial): /Users/Arsalan/Documents/workspace/Graphics2/bin:/Users/Arsalan/Documents/workspace/Graphics2/lib/gluegen-rt.jar:/Users/Arsalan/Documents/workspace/Graphics2/lib/jogl-all.jar
Launcher Type: SUN_STANDARD

Environment Variables:
PATH=/usr/bin:/bin:/usr/sbin:/sbin
SHELL=/bin/bash

Signal Handlers:
SIGSEGV: [libjvm.dylib+0x5b1141], sa_mask[0]=11111111011111110111111111111111, sa_flags=SA_ONSTACK|SA_RESTART|SA_SIGINFO
SIGBUS: [libjvm.dylib+0x5b1141], sa_mask[0]=11111111011111110111111111111111, sa_flags=SA_RESTART|SA_SIGINFO
SIGFPE: [libjvm.dylib+0x487bc4], sa_mask[0]=11111111011111110111111111111111, sa_flags=SA_RESTART|SA_SIGINFO
SIGPIPE: [libjvm.dylib+0x487bc4], sa_mask[0]=11111111011111110111111111111111, sa_flags=SA_RESTART|SA_SIGINFO
SIGXFSZ: [libjvm.dylib+0x487bc4], sa_mask[0]=11111111011111110111111111111111, sa_flags=SA_RESTART|SA_SIGINFO
SIGILL: [libjvm.dylib+0x487bc4], sa_mask[0]=11111111011111110111111111111111, sa_flags=SA_RESTART|SA_SIGINFO
SIGUSR1: SIG_DFL, sa_mask[0]=00000000000000000000000000000000, sa_flags=none
SIGUSR2: [libjvm.dylib+0x4876e2], sa_mask[0]=00100000000000000000000000000000, sa_flags=SA_RESTART|SA_SIGINFO
SIGHUP: [libjvm.dylib+0x485cb9], sa_mask[0]=11111111011111110111111111111111, sa_flags=SA_RESTART|SA_SIGINFO
SIGINT: [libjvm.dylib+0x485cb9], sa_mask[0]=11111111011111110111111111111111, sa_flags=SA_RESTART|SA_SIGINFO
SIGTERM: [libjvm.dylib+0x485cb9], sa_mask[0]=11111111011111110111111111111111, sa_flags=SA_RESTART|SA_SIGINFO
SIGQUIT: [libjvm.dylib+0x485cb9], sa_mask[0]=11111111011111110111111111111111, sa_flags=SA_RESTART|SA_SIGINFO


---------------  S Y S T E M  ---------------

OS:Bsduname:Darwin 18.7.0 Darwin Kernel Version 18.7.0: Sun Jun  2 21:24:32 PDT 2019; root:xnu-4903.270.37~8/RELEASE_X86_64 x86_64
rlimit: STACK 8192k, CORE 0k, NPROC 709, NOFILE 10240, AS infinity
load average:1.63 4.55 5.60

CPU:total 4 (2 cores per cpu, 2 threads per core) family 6 model 69 stepping 1, cmov, cx8, fxsr, mmx, sse, sse2, sse3, ssse3, sse4.1, sse4.2, popcnt, avx, avx2, aes, clmul, erms, lzcnt, ht, tsc, tscinvbit, bmi1, bmi2

Memory: 4k page, physical 8388608k(32932k free)

/proc/meminfo:


vm_info: Java HotSpot(TM) 64-Bit Server VM (25.121-b13) for bsd-amd64 JRE (1.8.0_121-b13), built on Dec 12 2016 20:39:32 by "java_re" with gcc 4.2.1 (Based on Apple Inc. build 5658) (LLVM build 2336.11.00)

time: Thu Jun 13 15:39:29 2019
elapsed time: 3 seconds (0d 0h 0m 3s)

